[0/1] Re-running CMake...
-- Building ESP-IDF components for target esp32s3
NOTICE: Processing 3 dependencies:
NOTICE: [1/3] espressif/esp32-camera (2.1.2)
NOTICE: [2/3] espressif/esp_jpeg (1.3.1)
NOTICE: [3/3] idf (5.3.3)
-- Project sdkconfig file /home/genci21/Desktop/RemoteCamera/esp_stuff/sdkconfig
-- Compiler supported targets: xtensa-esp-elf
-- App "hello_world" version: 15b3871-dirty
-- Adding linker script /home/genci21/Desktop/RemoteCamera/esp_stuff/build/esp-idf/esp_system/ld/memory.ld
-- Adding linker script /home/genci21/Desktop/RemoteCamera/esp_stuff/build/esp-idf/esp_system/ld/sections.ld.in
-- Adding linker script /home/genci21/esp/esp-idf/components/esp_rom/esp32s3/ld/esp32s3.rom.ld
-- Adding linker script /home/genci21/esp/esp-idf/components/esp_rom/esp32s3/ld/esp32s3.rom.api.ld
-- Adding linker script /home/genci21/esp/esp-idf/components/esp_rom/esp32s3/ld/esp32s3.rom.bt_funcs.ld
-- Adding linker script /home/genci21/esp/esp-idf/components/esp_rom/esp32s3/ld/esp32s3.rom.libgcc.ld
-- Adding linker script /home/genci21/esp/esp-idf/components/esp_rom/esp32s3/ld/esp32s3.rom.wdt.ld
-- Adding linker script /home/genci21/esp/esp-idf/components/esp_rom/esp32s3/ld/esp32s3.rom.version.ld
-- Adding linker script /home/genci21/esp/esp-idf/components/esp_rom/esp32s3/ld/esp32s3.rom.newlib.ld
-- Adding linker script /home/genci21/esp/esp-idf/components/soc/esp32s3/ld/esp32s3.peripherals.ld
-- Components: app_trace app_update bootloader bootloader_support bt cmock console cxx driver efuse esp-tls esp_adc esp_app_format esp_bootloader_format esp_coex esp_common esp_driver_ana_cmpr esp_driver_cam esp_driver_dac esp_driver_gpio esp_driver_gptimer esp_driver_i2c esp_driver_i2s esp_driver_isp esp_driver_jpeg esp_driver_ledc esp_driver_mcpwm esp_driver_parlio esp_driver_pcnt esp_driver_ppa esp_driver_rmt esp_driver_sdio esp_driver_sdm esp_driver_sdmmc esp_driver_sdspi esp_driver_spi esp_driver_touch_sens esp_driver_tsens esp_driver_uart esp_driver_usb_serial_jtag esp_eth esp_event esp_gdbstub esp_hid esp_http_client esp_http_server esp_https_ota esp_https_server esp_hw_support esp_lcd esp_local_ctrl esp_mm esp_netif esp_netif_stack esp_partition esp_phy esp_pm esp_psram esp_ringbuf esp_rom esp_system esp_timer esp_vfs_console esp_wifi espcoredump espressif__esp32-camera espressif__esp_jpeg esptool_py fatfs freertos hal heap http_parser idf_test ieee802154 json log lwip main mbedtls mqtt newlib nvs_flash nvs_sec_provider openthread partition_table perfmon protobuf-c protocomm pthread sdmmc soc spi_flash spiffs tcp_transport touch_element ulp unity usb vfs wear_levelling wifi_provisioning wpa_supplicant xtensa
-- Component paths: /home/genci21/esp/esp-idf/components/app_trace /home/genci21/esp/esp-idf/components/app_update /home/genci21/esp/esp-idf/components/bootloader /home/genci21/esp/esp-idf/components/bootloader_support /home/genci21/esp/esp-idf/components/bt /home/genci21/esp/esp-idf/components/cmock /home/genci21/esp/esp-idf/components/console /home/genci21/esp/esp-idf/components/cxx /home/genci21/esp/esp-idf/components/driver /home/genci21/esp/esp-idf/components/efuse /home/genci21/esp/esp-idf/components/esp-tls /home/genci21/esp/esp-idf/components/esp_adc /home/genci21/esp/esp-idf/components/esp_app_format /home/genci21/esp/esp-idf/components/esp_bootloader_format /home/genci21/esp/esp-idf/components/esp_coex /home/genci21/esp/esp-idf/components/esp_common /home/genci21/esp/esp-idf/components/esp_driver_ana_cmpr /home/genci21/esp/esp-idf/components/esp_driver_cam /home/genci21/esp/esp-idf/components/esp_driver_dac /home/genci21/esp/esp-idf/components/esp_driver_gpio /home/genci21/esp/esp-idf/components/esp_driver_gptimer /home/genci21/esp/esp-idf/components/esp_driver_i2c /home/genci21/esp/esp-idf/components/esp_driver_i2s /home/genci21/esp/esp-idf/components/esp_driver_isp /home/genci21/esp/esp-idf/components/esp_driver_jpeg /home/genci21/esp/esp-idf/components/esp_driver_ledc /home/genci21/esp/esp-idf/components/esp_driver_mcpwm /home/genci21/esp/esp-idf/components/esp_driver_parlio /home/genci21/esp/esp-idf/components/esp_driver_pcnt /home/genci21/esp/esp-idf/components/esp_driver_ppa /home/genci21/esp/esp-idf/components/esp_driver_rmt /home/genci21/esp/esp-idf/components/esp_driver_sdio /home/genci21/esp/esp-idf/components/esp_driver_sdm /home/genci21/esp/esp-idf/components/esp_driver_sdmmc /home/genci21/esp/esp-idf/components/esp_driver_sdspi /home/genci21/esp/esp-idf/components/esp_driver_spi /home/genci21/esp/esp-idf/components/esp_driver_touch_sens /home/genci21/esp/esp-idf/components/esp_driver_tsens /home/genci21/esp/esp-idf/components/esp_driver_uart /home/genci21/esp/esp-idf/components/esp_driver_usb_serial_jtag /home/genci21/esp/esp-idf/components/esp_eth /home/genci21/esp/esp-idf/components/esp_event /home/genci21/esp/esp-idf/components/esp_gdbstub /home/genci21/esp/esp-idf/components/esp_hid /home/genci21/esp/esp-idf/components/esp_http_client /home/genci21/esp/esp-idf/components/esp_http_server /home/genci21/esp/esp-idf/components/esp_https_ota /home/genci21/esp/esp-idf/components/esp_https_server /home/genci21/esp/esp-idf/components/esp_hw_support /home/genci21/esp/esp-idf/components/esp_lcd /home/genci21/esp/esp-idf/components/esp_local_ctrl /home/genci21/esp/esp-idf/components/esp_mm /home/genci21/esp/esp-idf/components/esp_netif /home/genci21/esp/esp-idf/components/esp_netif_stack /home/genci21/esp/esp-idf/components/esp_partition /home/genci21/esp/esp-idf/components/esp_phy /home/genci21/esp/esp-idf/components/esp_pm /home/genci21/esp/esp-idf/components/esp_psram /home/genci21/esp/esp-idf/components/esp_ringbuf /home/genci21/esp/esp-idf/components/esp_rom /home/genci21/esp/esp-idf/components/esp_system /home/genci21/esp/esp-idf/components/esp_timer /home/genci21/esp/esp-idf/components/esp_vfs_console /home/genci21/esp/esp-idf/components/esp_wifi /home/genci21/esp/esp-idf/components/espcoredump /home/genci21/Desktop/RemoteCamera/esp_stuff/managed_components/espressif__esp32-camera /home/genci21/Desktop/RemoteCamera/esp_stuff/managed_components/espressif__esp_jpeg /home/genci21/esp/esp-idf/components/esptool_py /home/genci21/esp/esp-idf/components/fatfs /home/genci21/esp/esp-idf/components/freertos /home/genci21/esp/esp-idf/components/hal /home/genci21/esp/esp-idf/components/heap /home/genci21/esp/esp-idf/components/http_parser /home/genci21/esp/esp-idf/components/idf_test /home/genci21/esp/esp-idf/components/ieee802154 /home/genci21/esp/esp-idf/components/json /home/genci21/esp/esp-idf/components/log /home/genci21/esp/esp-idf/components/lwip /home/genci21/Desktop/RemoteCamera/esp_stuff/main /home/genci21/esp/esp-idf/components/mbedtls /home/genci21/esp/esp-idf/components/mqtt /home/genci21/esp/esp-idf/components/newlib /home/genci21/esp/esp-idf/components/nvs_flash /home/genci21/esp/esp-idf/components/nvs_sec_provider /home/genci21/esp/esp-idf/components/openthread /home/genci21/esp/esp-idf/components/partition_table /home/genci21/esp/esp-idf/components/perfmon /home/genci21/esp/esp-idf/components/protobuf-c /home/genci21/esp/esp-idf/components/protocomm /home/genci21/esp/esp-idf/components/pthread /home/genci21/esp/esp-idf/components/sdmmc /home/genci21/esp/esp-idf/components/soc /home/genci21/esp/esp-idf/components/spi_flash /home/genci21/esp/esp-idf/components/spiffs /home/genci21/esp/esp-idf/components/tcp_transport /home/genci21/esp/esp-idf/components/touch_element /home/genci21/esp/esp-idf/components/ulp /home/genci21/esp/esp-idf/components/unity /home/genci21/esp/esp-idf/components/usb /home/genci21/esp/esp-idf/components/vfs /home/genci21/esp/esp-idf/components/wear_levelling /home/genci21/esp/esp-idf/components/wifi_provisioning /home/genci21/esp/esp-idf/components/wpa_supplicant /home/genci21/esp/esp-idf/components/xtensa
-- Configuring done (2.4s)
-- Generating done (0.2s)
-- Build files have been written to: /home/genci21/Desktop/RemoteCamera/esp_stuff/build
[1/11] Building C object esp-idf/esp_app_format/CMakeFiles/__idf_esp_app_format.dir/esp_app_desc.c.obj
[2/11] Performing build step for 'bootloader'
[1/1] cd /home/genci21/Desktop/RemoteCamera/esp_stuff/build/bootloader/esp-idf/esptool_py && /home/genci21/.espressif/python_env/idf5.3_py3.12_env/bin/python /home/genci21/esp/esp-idf/components/partition_table/check_sizes.py --offset 0x8000 bootloader 0x0 /home/genci21/Desktop/RemoteCamera/esp_stuff/build/bootloader/bootloader.bin
Bootloader binary size 0x5a50 bytes. 0x25b0 bytes (29%) free.
[3/11] No install step for 'bootloader'
[4/11] Linking C static library esp-idf/esp_app_format/libesp_app_format.a
[5/11] Completed 'bootloader'
[6/11] Building CXX object esp-idf/main/CMakeFiles/__idf_main.dir/main.cpp.obj
FAILED: esp-idf/main/CMakeFiles/__idf_main.dir/main.cpp.obj 
/home/genci21/.espressif/tools/xtensa-esp-elf/esp-13.2.0_20240530/xtensa-esp-elf/bin/xtensa-esp32s3-elf-g++ -DESP_PLATFORM -DIDF_VER=\"v5.3.3\" -DMBEDTLS_CONFIG_FILE=\"mbedtls/esp_config.h\" -DSOC_MMU_PAGE_SIZE=CONFIG_MMU_PAGE_SIZE -DSOC_XTAL_FREQ_MHZ=CONFIG_XTAL_FREQ -DUNITY_INCLUDE_CONFIG_H -D_GLIBCXX_HAVE_POSIX_SEMAPHORE -D_GLIBCXX_USE_POSIX_SEMAPHORE -D_GNU_SOURCE -D_POSIX_READER_WRITER_LOCKS -I/home/genci21/Desktop/RemoteCamera/esp_stuff/build/config -I/home/genci21/Desktop/RemoteCamera/esp_stuff/main/extra_includes -I/home/genci21/Desktop/RemoteCamera/esp_stuff/main/opencv -I/home/genci21/esp/esp-idf/components/newlib/platform_include -I/home/genci21/esp/esp-idf/components/freertos/config/include -I/home/genci21/esp/esp-idf/components/freertos/config/include/freertos -I/home/genci21/esp/esp-idf/components/freertos/config/xtensa/include -I/home/genci21/esp/esp-idf/components/freertos/FreeRTOS-Kernel/include -I/home/genci21/esp/esp-idf/components/freertos/FreeRTOS-Kernel/portable/xtensa/include -I/home/genci21/esp/esp-idf/components/freertos/FreeRTOS-Kernel/portable/xtensa/include/freertos -I/home/genci21/esp/esp-idf/components/freertos/esp_additions/include -I/home/genci21/esp/esp-idf/components/esp_hw_support/include -I/home/genci21/esp/esp-idf/components/esp_hw_support/include/soc -I/home/genci21/esp/esp-idf/components/esp_hw_support/include/soc/esp32s3 -I/home/genci21/esp/esp-idf/components/esp_hw_support/dma/include -I/home/genci21/esp/esp-idf/components/esp_hw_support/ldo/include -I/home/genci21/esp/esp-idf/components/esp_hw_support/port/esp32s3/. -I/home/genci21/esp/esp-idf/components/esp_hw_support/port/esp32s3/include -I/home/genci21/esp/esp-idf/components/heap/include -I/home/genci21/esp/esp-idf/components/log/include -I/home/genci21/esp/esp-idf/components/soc/include -I/home/genci21/esp/esp-idf/components/soc/esp32s3 -I/home/genci21/esp/esp-idf/components/soc/esp32s3/include -I/home/genci21/esp/esp-idf/components/hal/platform_port/include -I/home/genci21/esp/esp-idf/components/hal/esp32s3/include -I/home/genci21/esp/esp-idf/components/hal/include -I/home/genci21/esp/esp-idf/components/esp_rom/include -I/home/genci21/esp/esp-idf/components/esp_rom/include/esp32s3 -I/home/genci21/esp/esp-idf/components/esp_rom/esp32s3 -I/home/genci21/esp/esp-idf/components/esp_common/include -I/home/genci21/esp/esp-idf/components/esp_system/include -I/home/genci21/esp/esp-idf/components/esp_system/port/soc -I/home/genci21/esp/esp-idf/components/esp_system/port/include/private -I/home/genci21/esp/esp-idf/components/xtensa/esp32s3/include -I/home/genci21/esp/esp-idf/components/xtensa/include -I/home/genci21/esp/esp-idf/components/xtensa/deprecated_include -I/home/genci21/esp/esp-idf/components/lwip/include -I/home/genci21/esp/esp-idf/components/lwip/include/apps -I/home/genci21/esp/esp-idf/components/lwip/include/apps/sntp -I/home/genci21/esp/esp-idf/components/lwip/lwip/src/include -I/home/genci21/esp/esp-idf/components/lwip/port/include -I/home/genci21/esp/esp-idf/components/lwip/port/freertos/include -I/home/genci21/esp/esp-idf/components/lwip/port/esp32xx/include -I/home/genci21/esp/esp-idf/components/lwip/port/esp32xx/include/arch -I/home/genci21/esp/esp-idf/components/lwip/port/esp32xx/include/sys -I/home/genci21/Desktop/RemoteCamera/esp_stuff/managed_components/espressif__esp32-camera/driver/include -I/home/genci21/Desktop/RemoteCamera/esp_stuff/managed_components/espressif__esp32-camera/conversions/include -I/home/genci21/esp/esp-idf/components/driver/deprecated -I/home/genci21/esp/esp-idf/components/driver/i2c/include -I/home/genci21/esp/esp-idf/components/driver/touch_sensor/include -I/home/genci21/esp/esp-idf/components/driver/twai/include -I/home/genci21/esp/esp-idf/components/driver/touch_sensor/esp32s3/include -I/home/genci21/esp/esp-idf/components/esp_pm/include -I/home/genci21/esp/esp-idf/components/esp_ringbuf/include -I/home/genci21/esp/esp-idf/components/esp_driver_gpio/include -I/home/genci21/esp/esp-idf/components/esp_driver_pcnt/include -I/home/genci21/esp/esp-idf/components/esp_driver_gptimer/include -I/home/genci21/esp/esp-idf/components/esp_driver_spi/include -I/home/genci21/esp/esp-idf/components/esp_driver_mcpwm/include -I/home/genci21/esp/esp-idf/components/esp_driver_ana_cmpr/include -I/home/genci21/esp/esp-idf/components/esp_driver_i2s/include -I/home/genci21/esp/esp-idf/components/esp_driver_sdmmc/include -I/home/genci21/esp/esp-idf/components/sdmmc/include -I/home/genci21/esp/esp-idf/components/esp_driver_sdspi/include -I/home/genci21/esp/esp-idf/components/esp_driver_sdio/include -I/home/genci21/esp/esp-idf/components/esp_driver_dac/include -I/home/genci21/esp/esp-idf/components/esp_driver_rmt/include -I/home/genci21/esp/esp-idf/components/esp_driver_tsens/include -I/home/genci21/esp/esp-idf/components/esp_driver_sdm/include -I/home/genci21/esp/esp-idf/components/esp_driver_i2c/include -I/home/genci21/esp/esp-idf/components/esp_driver_uart/include -I/home/genci21/esp/esp-idf/components/vfs/include -I/home/genci21/esp/esp-idf/components/esp_driver_ledc/include -I/home/genci21/esp/esp-idf/components/esp_driver_parlio/include -I/home/genci21/esp/esp-idf/components/esp_driver_usb_serial_jtag/include -I/home/genci21/Desktop/RemoteCamera/esp_stuff/managed_components/espressif__esp_jpeg/include -I/home/genci21/esp/esp-idf/components/mbedtls/port/include -I/home/genci21/esp/esp-idf/components/mbedtls/mbedtls/include -I/home/genci21/esp/esp-idf/components/mbedtls/mbedtls/library -I/home/genci21/esp/esp-idf/components/mbedtls/esp_crt_bundle/include -I/home/genci21/esp/esp-idf/components/mbedtls/mbedtls/3rdparty/everest/include -I/home/genci21/esp/esp-idf/components/mbedtls/mbedtls/3rdparty/p256-m -I/home/genci21/esp/esp-idf/components/mbedtls/mbedtls/3rdparty/p256-m/p256-m -I/home/genci21/esp/esp-idf/components/esp_app_format/include -I/home/genci21/esp/esp-idf/components/esp_bootloader_format/include -I/home/genci21/esp/esp-idf/components/app_update/include -I/home/genci21/esp/esp-idf/components/bootloader_support/include -I/home/genci21/esp/esp-idf/components/bootloader_support/bootloader_flash/include -I/home/genci21/esp/esp-idf/components/esp_partition/include -I/home/genci21/esp/esp-idf/components/efuse/include -I/home/genci21/esp/esp-idf/components/efuse/esp32s3/include -I/home/genci21/esp/esp-idf/components/esp_mm/include -I/home/genci21/esp/esp-idf/components/spi_flash/include -I/home/genci21/esp/esp-idf/components/pthread/include -I/home/genci21/esp/esp-idf/components/esp_timer/include -I/home/genci21/esp/esp-idf/components/app_trace/include -I/home/genci21/esp/esp-idf/components/esp_event/include -I/home/genci21/esp/esp-idf/components/nvs_flash/include -I/home/genci21/esp/esp-idf/components/esp_phy/include -I/home/genci21/esp/esp-idf/components/esp_phy/esp32s3/include -I/home/genci21/esp/esp-idf/components/esp_vfs_console/include -I/home/genci21/esp/esp-idf/components/esp_netif/include -I/home/genci21/esp/esp-idf/components/wpa_supplicant/include -I/home/genci21/esp/esp-idf/components/wpa_supplicant/port/include -I/home/genci21/esp/esp-idf/components/wpa_supplicant/esp_supplicant/include -I/home/genci21/esp/esp-idf/components/esp_coex/include -I/home/genci21/esp/esp-idf/components/esp_wifi/include -I/home/genci21/esp/esp-idf/components/esp_wifi/include/local -I/home/genci21/esp/esp-idf/components/esp_wifi/wifi_apps/include -I/home/genci21/esp/esp-idf/components/esp_wifi/wifi_apps/nan_app/include -I/home/genci21/esp/esp-idf/components/esp_gdbstub/include -I/home/genci21/esp/esp-idf/components/unity/include -I/home/genci21/esp/esp-idf/components/unity/unity/src -I/home/genci21/esp/esp-idf/components/cmock/CMock/src -I/home/genci21/esp/esp-idf/components/console -I/home/genci21/esp/esp-idf/components/http_parser -I/home/genci21/esp/esp-idf/components/esp-tls -I/home/genci21/esp/esp-idf/components/esp-tls/esp-tls-crypto -I/home/genci21/esp/esp-idf/components/esp_adc/include -I/home/genci21/esp/esp-idf/components/esp_adc/interface -I/home/genci21/esp/esp-idf/components/esp_adc/esp32s3/include -I/home/genci21/esp/esp-idf/components/esp_adc/deprecated/include -I/home/genci21/esp/esp-idf/components/esp_driver_isp/include -I/home/genci21/esp/esp-idf/components/esp_driver_cam/include -I/home/genci21/esp/esp-idf/components/esp_driver_cam/interface -I/home/genci21/esp/esp-idf/components/esp_driver_jpeg/include -I/home/genci21/esp/esp-idf/components/esp_driver_ppa/include -I/home/genci21/esp/esp-idf/components/esp_eth/include -I/home/genci21/esp/esp-idf/components/esp_hid/include -I/home/genci21/esp/esp-idf/components/tcp_transport/include -I/home/genci21/esp/esp-idf/components/esp_http_client/include -I/home/genci21/esp/esp-idf/components/esp_http_server/include -I/home/genci21/esp/esp-idf/components/esp_https_ota/include -I/home/genci21/esp/esp-idf/components/esp_https_server/include -I/home/genci21/esp/esp-idf/components/esp_psram/include -I/home/genci21/esp/esp-idf/components/esp_lcd/include -I/home/genci21/esp/esp-idf/components/esp_lcd/interface -I/home/genci21/esp/esp-idf/components/esp_lcd/rgb/include -I/home/genci21/esp/esp-idf/components/protobuf-c/protobuf-c -I/home/genci21/esp/esp-idf/components/protocomm/include/common -I/home/genci21/esp/esp-idf/components/protocomm/include/security -I/home/genci21/esp/esp-idf/components/protocomm/include/transports -I/home/genci21/esp/esp-idf/components/protocomm/include/crypto/srp6a -I/home/genci21/esp/esp-idf/components/protocomm/proto-c -I/home/genci21/esp/esp-idf/components/esp_local_ctrl/include -I/home/genci21/esp/esp-idf/components/espcoredump/include -I/home/genci21/esp/esp-idf/components/espcoredump/include/port/xtensa -I/home/genci21/esp/esp-idf/components/wear_levelling/include -I/home/genci21/esp/esp-idf/components/fatfs/diskio -I/home/genci21/esp/esp-idf/components/fatfs/src -I/home/genci21/esp/esp-idf/components/fatfs/vfs -I/home/genci21/esp/esp-idf/components/idf_test/include -I/home/genci21/esp/esp-idf/components/idf_test/include/esp32s3 -I/home/genci21/esp/esp-idf/components/ieee802154/include -I/home/genci21/esp/esp-idf/components/json/cJSON -I/home/genci21/esp/esp-idf/components/mqtt/esp-mqtt/include -I/home/genci21/esp/esp-idf/components/nvs_sec_provider/include -I/home/genci21/esp/esp-idf/components/perfmon/include -I/home/genci21/esp/esp-idf/components/spiffs/include -I/home/genci21/esp/esp-idf/components/touch_element/include -I/home/genci21/esp/esp-idf/components/usb/include -I/home/genci21/esp/esp-idf/components/wifi_provisioning/include -mlongcalls  -fno-builtin-memcpy -fno-builtin-memset -fno-builtin-bzero -fno-builtin-stpcpy -fno-builtin-strncpy -fdiagnostics-color=always -ffunction-sections -fdata-sections -Wall -Werror=all -Wno-error=unused-function -Wno-error=unused-variable -Wno-error=unused-but-set-variable -Wno-error=deprecated-declarations -Wextra -Wno-unused-parameter -Wno-sign-compare -Wno-enum-conversion -gdwarf-4 -ggdb -mdisable-hardware-atomics -Og -fno-shrink-wrap -fmacro-prefix-map=/home/genci21/Desktop/RemoteCamera/esp_stuff=. -fmacro-prefix-map=/home/genci21/esp/esp-idf=/IDF -fstrict-volatile-bitfields -fno-jump-tables -fno-tree-switch-conversion -std=gnu++2b -fno-exceptions -fno-rtti -MD -MT esp-idf/main/CMakeFiles/__idf_main.dir/main.cpp.obj -MF esp-idf/main/CMakeFiles/__idf_main.dir/main.cpp.obj.d -o esp-idf/main/CMakeFiles/__idf_main.dir/main.cpp.obj -c /home/genci21/Desktop/RemoteCamera/esp_stuff/main/main.cpp
In file included from /home/genci21/esp/esp-idf/components/xtensa/include/xtensa/xtruntime.h:30,
                 from /home/genci21/esp/esp-idf/components/freertos/FreeRTOS-Kernel/portable/xtensa/include/freertos/portmacro.h:47,
                 from /home/genci21/esp/esp-idf/components/freertos/FreeRTOS-Kernel/include/freertos/portable.h:57,
                 from /home/genci21/esp/esp-idf/components/freertos/FreeRTOS-Kernel/include/freertos/FreeRTOS.h:69,
                 from /home/genci21/Desktop/RemoteCamera/esp_stuff/main/main.cpp:2:
/home/genci21/esp/esp-idf/components/xtensa/esp32s3/include/xtensa/config/specreg.h:109:25: error: expected identifier before numeric constant
  109 | #define EPS             192
      |                         ^~~
/home/genci21/Desktop/RemoteCamera/esp_stuff/main/opencv/opencv2/core/types.hpp:862:9: note: in expansion of macro 'EPS'
  862 |         EPS=2 //!< the desired accuracy or change in parameters at which the iterative algorithm stops
      |         ^~~
/home/genci21/esp/esp-idf/components/xtensa/esp32s3/include/xtensa/config/specreg.h:109:25: error: expected '}' before numeric constant
  109 | #define EPS             192
      |                         ^~~
/home/genci21/Desktop/RemoteCamera/esp_stuff/main/opencv/opencv2/core/types.hpp:862:9: note: in expansion of macro 'EPS'
  862 |         EPS=2 //!< the desired accuracy or change in parameters at which the iterative algorithm stops
      |         ^~~
In file included from /home/genci21/Desktop/RemoteCamera/esp_stuff/main/opencv/opencv2/core.hpp:58,
                 from /home/genci21/Desktop/RemoteCamera/esp_stuff/main/main.cpp:17:
/home/genci21/Desktop/RemoteCamera/esp_stuff/main/opencv/opencv2/core/types.hpp:859:5: note: to match this '{'
  859 |     {
      |     ^
/home/genci21/esp/esp-idf/components/xtensa/esp32s3/include/xtensa/config/specreg.h:109:25: error: expected unqualified-id before numeric constant
  109 | #define EPS             192
      |                         ^~~
/home/genci21/Desktop/RemoteCamera/esp_stuff/main/opencv/opencv2/core/types.hpp:862:9: note: in expansion of macro 'EPS'
  862 |         EPS=2 //!< the desired accuracy or change in parameters at which the iterative algorithm stops
      |         ^~~
/home/genci21/Desktop/RemoteCamera/esp_stuff/main/opencv/opencv2/core/types.hpp:866:19: error: expected constructor, destructor, or type conversion before ';' token
  866 |     TermCriteria();
      |                   ^
/home/genci21/Desktop/RemoteCamera/esp_stuff/main/opencv/opencv2/core/types.hpp:872:57: error: expected constructor, destructor, or type conversion before ';' token
  872 |     TermCriteria(int type, int maxCount, double epsilon);
      |                                                         ^
/home/genci21/Desktop/RemoteCamera/esp_stuff/main/opencv/opencv2/core/types.hpp:874:27: error: non-member function 'bool cv::isValid()' cannot have cv-qualifier
  874 |     inline bool isValid() const
      |                           ^~~~~
/home/genci21/Desktop/RemoteCamera/esp_stuff/main/opencv/opencv2/core/types.hpp: In function 'bool cv::isValid()':
/home/genci21/Desktop/RemoteCamera/esp_stuff/main/opencv/opencv2/core/types.hpp:876:31: error: 'type' was not declared in this scope; did you mean 'std::__cmp_cat::type'?
  876 |         const bool isCount = (type & COUNT) && maxCount > 0;
      |                               ^~~~
      |                               std::__cmp_cat::type
In file included from /home/genci21/.espressif/tools/xtensa-esp-elf/esp-13.2.0_20240530/xtensa-esp-elf/xtensa-esp-elf/include/c++/13.2.0/array:38,
                 from /home/genci21/Desktop/RemoteCamera/esp_stuff/main/opencv/opencv2/core/cvdef.h:722,
                 from /home/genci21/Desktop/RemoteCamera/esp_stuff/main/opencv/opencv2/core.hpp:52:
/home/genci21/.espressif/tools/xtensa-esp-elf/esp-13.2.0_20240530/xtensa-esp-elf/xtensa-esp-elf/include/c++/13.2.0/compare:49:11: note: 'std::__cmp_cat::type' declared here
   49 |     using type = signed char;
      |           ^~~~
/home/genci21/Desktop/RemoteCamera/esp_stuff/main/opencv/opencv2/core/types.hpp:876:38: error: 'COUNT' was not declared in this scope; did you mean 'CCOUNT'?
  876 |         const bool isCount = (type & COUNT) && maxCount > 0;
      |                                      ^~~~~
      |                                      CCOUNT
/home/genci21/Desktop/RemoteCamera/esp_stuff/main/opencv/opencv2/core/types.hpp:876:48: error: 'maxCount' was not declared in this scope
  876 |         const bool isCount = (type & COUNT) && maxCount > 0;
      |                                                ^~~~~~~~
/home/genci21/Desktop/RemoteCamera/esp_stuff/main/opencv/opencv2/core/types.hpp:877:53: error: 'epsilon' was not declared in this scope
  877 |         const bool isEps = (type & EPS) && !cvIsNaN(epsilon);
      |                                                     ^~~~~~~
/home/genci21/Desktop/RemoteCamera/esp_stuff/main/opencv/opencv2/core/types.hpp: At global scope:
/home/genci21/Desktop/RemoteCamera/esp_stuff/main/opencv/opencv2/core/types.hpp:955:18: error: 'DataType' is not a class template
  955 | template<> class DataType<Moments>
      |                  ^~~~~~~~
/home/genci21/Desktop/RemoteCamera/esp_stuff/main/opencv/opencv2/core/types.hpp:956:1: error: explicit specialization of non-template 'DataType'
  956 | {
      | ^
/home/genci21/Desktop/RemoteCamera/esp_stuff/main/opencv/opencv2/core/types.hpp:964:27: error: 'DataType' is not a template
  964 |            fmt          = DataType<channel_type>::fmt + ((channels - 1) << 8)
      |                           ^~~~~~~~
/home/genci21/Desktop/RemoteCamera/esp_stuff/main/opencv/opencv2/core/types.hpp:964:51: error: incomplete type 'DataType' used in nested name specifier
  964 |            fmt          = DataType<channel_type>::fmt + ((channels - 1) << 8)
      |                                                   ^~~
/home/genci21/Desktop/RemoteCamera/esp_stuff/main/opencv/opencv2/core/types.hpp:971:13: error: 'Vec' does not name a type
  971 |     typedef Vec<channel_type, channels> vec_type;
      |             ^~~
/home/genci21/Desktop/RemoteCamera/esp_stuff/main/opencv/opencv2/core/types.hpp:976:8: error: 'Depth' is not a class template
  976 | struct Depth< Moments > { enum { value = Depth<double>::value }; };
      |        ^~~~~
/home/genci21/Desktop/RemoteCamera/esp_stuff/main/opencv/opencv2/core/types.hpp:976:25: error: explicit specialization of non-template 'traits::Depth'
  976 | struct Depth< Moments > { enum { value = Depth<double>::value }; };
      |                         ^
/home/genci21/Desktop/RemoteCamera/esp_stuff/main/opencv/opencv2/core/types.hpp:976:42: error: 'traits::Depth' is not a template
  976 | struct Depth< Moments > { enum { value = Depth<double>::value }; };
      |                                          ^~~~~
/home/genci21/Desktop/RemoteCamera/esp_stuff/main/opencv/opencv2/core/types.hpp:976:57: error: incomplete type 'traits::Depth' used in nested name specifier
  976 | struct Depth< Moments > { enum { value = Depth<double>::value }; };
      |                                                         ^~~~~
/home/genci21/Desktop/RemoteCamera/esp_stuff/main/opencv/opencv2/core/types.hpp:978:8: error: 'Type' is not a class template
  978 | struct Type< Moments > { enum { value = CV_MAKETYPE(Depth<double>::value, (int)(sizeof(Moments)/sizeof(double))) }; };
      |        ^~~~
/home/genci21/Desktop/RemoteCamera/esp_stuff/main/opencv/opencv2/core/types.hpp:978:24: error: explicit specialization of non-template 'traits::Type'
  978 | struct Type< Moments > { enum { value = CV_MAKETYPE(Depth<double>::value, (int)(sizeof(Moments)/sizeof(double))) }; };
      |                        ^
In file included from /home/genci21/Desktop/RemoteCamera/esp_stuff/main/opencv/opencv2/core/cvdef.h:176:
/home/genci21/Desktop/RemoteCamera/esp_stuff/main/opencv/opencv2/core/types.hpp:978:53: error: 'traits::Depth' is not a template
  978 | struct Type< Moments > { enum { value = CV_MAKETYPE(Depth<double>::value, (int)(sizeof(Moments)/sizeof(double))) }; };
      |                                                     ^~~~~
/home/genci21/Desktop/RemoteCamera/esp_stuff/main/opencv/opencv2/core/hal/interface.h:83:35: note: in definition of macro 'CV_MAT_DEPTH'
   83 | #define CV_MAT_DEPTH(flags)     ((flags) & CV_MAT_DEPTH_MASK)
      |                                   ^~~~~
/home/genci21/Desktop/RemoteCamera/esp_stuff/main/opencv/opencv2/core/types.hpp:978:41: note: in expansion of macro 'CV_MAKETYPE'
  978 | struct Type< Moments > { enum { value = CV_MAKETYPE(Depth<double>::value, (int)(sizeof(Moments)/sizeof(double))) }; };
      |                                         ^~~~~~~~~~~
/home/genci21/Desktop/RemoteCamera/esp_stuff/main/opencv/opencv2/core/types.hpp:992:1: error: 'Complex' does not name a type
  992 | Complex<_Tp>::Complex()
      | ^~~~~~~
/home/genci21/Desktop/RemoteCamera/esp_stuff/main/opencv/opencv2/core/types.hpp:996:1: error: 'Complex' does not name a type
  996 | Complex<_Tp>::Complex( _Tp _re, _Tp _im )
      | ^~~~~~~
/home/genci21/Desktop/RemoteCamera/esp_stuff/main/opencv/opencv2/core/types.hpp:1000:1: error: 'Complex' does not name a type
 1000 | Complex<_Tp>::operator Complex<T2>() const
      | ^~~~~~~
/home/genci21/Desktop/RemoteCamera/esp_stuff/main/opencv/opencv2/core/types.hpp:1006:1: error: 'Complex' does not name a type
 1006 | Complex<_Tp> Complex<_Tp>::conj() const
      | ^~~~~~~
/home/genci21/Desktop/RemoteCamera/esp_stuff/main/opencv/opencv2/core/types.hpp:1013:25: error: 'Complex' does not name a type
 1013 | bool operator == (const Complex<_Tp>& a, const Complex<_Tp>& b)
      |                         ^~~~~~~
/home/genci21/Desktop/RemoteCamera/esp_stuff/main/opencv/opencv2/core/types.hpp:1013:32: error: expected ',' or '...' before '<' token
 1013 | bool operator == (const Complex<_Tp>& a, const Complex<_Tp>& b)
      |                                ^
/home/genci21/Desktop/RemoteCamera/esp_stuff/main/opencv/opencv2/core/types.hpp:1013:6: error: 'bool operator==(int)' must have an argument of class or enumerated type
 1013 | bool operator == (const Complex<_Tp>& a, const Complex<_Tp>& b)
      |      ^~~~~~~~
/home/genci21/Desktop/RemoteCamera/esp_stuff/main/opencv/opencv2/core/types.hpp:1019:25: error: 'Complex' does not name a type
 1019 | bool operator != (const Complex<_Tp>& a, const Complex<_Tp>& b)
      |                         ^~~~~~~
/home/genci21/Desktop/RemoteCamera/esp_stuff/main/opencv/opencv2/core/types.hpp:1019:32: error: expected ',' or '...' before '<' token
 1019 | bool operator != (const Complex<_Tp>& a, const Complex<_Tp>& b)
      |                                ^
/home/genci21/Desktop/RemoteCamera/esp_stuff/main/opencv/opencv2/core/types.hpp:1019:6: error: 'bool operator!=(int)' must have an argument of class or enumerated type
 1019 | bool operator != (const Complex<_Tp>& a, const Complex<_Tp>& b)
      |      ^~~~~~~~
/home/genci21/Desktop/RemoteCamera/esp_stuff/main/opencv/opencv2/core/types.hpp:1025:1: error: 'Complex' does not name a type
 1025 | Complex<_Tp> operator + (const Complex<_Tp>& a, const Complex<_Tp>& b)
      | ^~~~~~~
/home/genci21/Desktop/RemoteCamera/esp_stuff/main/opencv/opencv2/core/types.hpp:1031:1: error: 'Complex' does not name a type
 1031 | Complex<_Tp>& operator += (Complex<_Tp>& a, const Complex<_Tp>& b)
      | ^~~~~~~
/home/genci21/Desktop/RemoteCamera/esp_stuff/main/opencv/opencv2/core/types.hpp:1038:1: error: 'Complex' does not name a type
 1038 | Complex<_Tp> operator - (const Complex<_Tp>& a, const Complex<_Tp>& b)
      | ^~~~~~~
/home/genci21/Desktop/RemoteCamera/esp_stuff/main/opencv/opencv2/core/types.hpp:1044:1: error: 'Complex' does not name a type
 1044 | Complex<_Tp>& operator -= (Complex<_Tp>& a, const Complex<_Tp>& b)
      | ^~~~~~~
/home/genci21/Desktop/RemoteCamera/esp_stuff/main/opencv/opencv2/core/types.hpp:1051:1: error: 'Complex' does not name a type
 1051 | Complex<_Tp> operator - (const Complex<_Tp>& a)
      | ^~~~~~~
/home/genci21/Desktop/RemoteCamera/esp_stuff/main/opencv/opencv2/core/types.hpp:1057:1: error: 'Complex' does not name a type
 1057 | Complex<_Tp> operator * (const Complex<_Tp>& a, const Complex<_Tp>& b)
      | ^~~~~~~
/home/genci21/Desktop/RemoteCamera/esp_stuff/main/opencv/opencv2/core/types.hpp:1063:1: error: 'Complex' does not name a type
 1063 | Complex<_Tp> operator * (const Complex<_Tp>& a, _Tp b)
      | ^~~~~~~
/home/genci21/Desktop/RemoteCamera/esp_stuff/main/opencv/opencv2/core/types.hpp:1069:1: error: 'Complex' does not name a type
 1069 | Complex<_Tp> operator * (_Tp b, const Complex<_Tp>& a)
      | ^~~~~~~
/home/genci21/Desktop/RemoteCamera/esp_stuff/main/opencv/opencv2/core/types.hpp:1075:1: error: 'Complex' does not name a type
 1075 | Complex<_Tp> operator + (const Complex<_Tp>& a, _Tp b)
      | ^~~~~~~
/home/genci21/Desktop/RemoteCamera/esp_stuff/main/opencv/opencv2/core/types.hpp:1081:1: error: 'Complex' does not name a type
 1081 | Complex<_Tp> operator - (const Complex<_Tp>& a, _Tp b)
      | ^~~~~~~
/home/genci21/Desktop/RemoteCamera/esp_stuff/main/opencv/opencv2/core/types.hpp:1085:1: error: 'Complex' does not name a type
 1085 | Complex<_Tp> operator + (_Tp b, const Complex<_Tp>& a)
      | ^~~~~~~
/home/genci21/Desktop/RemoteCamera/esp_stuff/main/opencv/opencv2/core/types.hpp:1091:1: error: 'Complex' does not name a type
 1091 | Complex<_Tp> operator - (_Tp b, const Complex<_Tp>& a)
      | ^~~~~~~
/home/genci21/Desktop/RemoteCamera/esp_stuff/main/opencv/opencv2/core/types.hpp:1097:1: error: 'Complex' does not name a type
 1097 | Complex<_Tp>& operator += (Complex<_Tp>& a, _Tp b)
      | ^~~~~~~
/home/genci21/Desktop/RemoteCamera/esp_stuff/main/opencv/opencv2/core/types.hpp:1103:1: error: 'Complex' does not name a type
 1103 | Complex<_Tp>& operator -= (Complex<_Tp>& a, _Tp b)
      | ^~~~~~~
/home/genci21/Desktop/RemoteCamera/esp_stuff/main/opencv/opencv2/core/types.hpp:1109:1: error: 'Complex' does not name a type
 1109 | Complex<_Tp>& operator *= (Complex<_Tp>& a, _Tp b)
      | ^~~~~~~
/home/genci21/Desktop/RemoteCamera/esp_stuff/main/opencv/opencv2/core/types.hpp:1115:18: error: 'Complex' does not name a type
 1115 | double abs(const Complex<_Tp>& a)
      |                  ^~~~~~~
/home/genci21/Desktop/RemoteCamera/esp_stuff/main/opencv/opencv2/core/types.hpp:1115:25: error: expected ',' or '...' before '<' token
 1115 | double abs(const Complex<_Tp>& a)
      |                         ^
/home/genci21/Desktop/RemoteCamera/esp_stuff/main/opencv/opencv2/core/types.hpp: In function 'double abs(int)':
/home/genci21/Desktop/RemoteCamera/esp_stuff/main/opencv/opencv2/core/types.hpp:1117:31: error: 'a' was not declared in this scope
 1117 |     return std::sqrt( (double)a.re*a.re + (double)a.im*a.im);
      |                               ^
/home/genci21/Desktop/RemoteCamera/esp_stuff/main/opencv/opencv2/core/types.hpp: At global scope:
/home/genci21/Desktop/RemoteCamera/esp_stuff/main/opencv/opencv2/core/types.hpp:1121:1: error: 'Complex' does not name a type
 1121 | Complex<_Tp> operator / (const Complex<_Tp>& a, const Complex<_Tp>& b)
      | ^~~~~~~
/home/genci21/Desktop/RemoteCamera/esp_stuff/main/opencv/opencv2/core/types.hpp:1129:1: error: 'Complex' does not name a type
 1129 | Complex<_Tp>& operator /= (Complex<_Tp>& a, const Complex<_Tp>& b)
      | ^~~~~~~
/home/genci21/Desktop/RemoteCamera/esp_stuff/main/opencv/opencv2/core/types.hpp:1136:1: error: 'Complex' does not name a type
 1136 | Complex<_Tp> operator / (const Complex<_Tp>& a, _Tp b)
      | ^~~~~~~
/home/genci21/Desktop/RemoteCamera/esp_stuff/main/opencv/opencv2/core/types.hpp:1143:1: error: 'Complex' does not name a type
 1143 | Complex<_Tp> operator / (_Tp b, const Complex<_Tp>& a)
      | ^~~~~~~
/home/genci21/Desktop/RemoteCamera/esp_stuff/main/opencv/opencv2/core/types.hpp:1149:1: error: 'Complex' does not name a type
 1149 | Complex<_Tp> operator /= (const Complex<_Tp>& a, _Tp b)
      | ^~~~~~~
/home/genci21/Desktop/RemoteCamera/esp_stuff/main/opencv/opencv2/core/types.hpp:1160:1: error: 'Point_' does not name a type
 1160 | Point_<_Tp>::Point_()
      | ^~~~~~
/home/genci21/Desktop/RemoteCamera/esp_stuff/main/opencv/opencv2/core/types.hpp:1164:1: error: 'Point_' does not name a type
 1164 | Point_<_Tp>::Point_(_Tp _x, _Tp _y)
      | ^~~~~~
/home/genci21/Desktop/RemoteCamera/esp_stuff/main/opencv/opencv2/core/types.hpp:1168:1: error: 'Point_' does not name a type
 1168 | Point_<_Tp>::Point_(const Point_& pt)
      | ^~~~~~
/home/genci21/Desktop/RemoteCamera/esp_stuff/main/opencv/opencv2/core/types.hpp:1172:1: error: 'Point_' does not name a type
 1172 | Point_<_Tp>::Point_(Point_&& pt) CV_NOEXCEPT
      | ^~~~~~
/home/genci21/Desktop/RemoteCamera/esp_stuff/main/opencv/opencv2/core/types.hpp:1176:1: error: 'Point_' does not name a type
 1176 | Point_<_Tp>::Point_(const Size_<_Tp>& sz)
      | ^~~~~~
/home/genci21/Desktop/RemoteCamera/esp_stuff/main/opencv/opencv2/core/types.hpp:1180:1: error: 'Point_' does not name a type
 1180 | Point_<_Tp>::Point_(const Vec<_Tp,2>& v)
      | ^~~~~~
/home/genci21/Desktop/RemoteCamera/esp_stuff/main/opencv/opencv2/core/types.hpp:1184:1: error: 'Point_' does not name a type
 1184 | Point_<_Tp>& Point_<_Tp>::operator = (const Point_& pt)
      | ^~~~~~
/home/genci21/Desktop/RemoteCamera/esp_stuff/main/opencv/opencv2/core/types.hpp:1191:1: error: 'Point_' does not name a type
 1191 | Point_<_Tp>& Point_<_Tp>::operator = (Point_&& pt) CV_NOEXCEPT
      | ^~~~~~
/home/genci21/Desktop/RemoteCamera/esp_stuff/main/opencv/opencv2/core/types.hpp:1198:1: error: 'Point_' does not name a type
 1198 | Point_<_Tp>::operator Point_<_Tp2>() const
      | ^~~~~~
/home/genci21/Desktop/RemoteCamera/esp_stuff/main/opencv/opencv2/core/types.hpp:1204:1: error: 'Point_' does not name a type
 1204 | Point_<_Tp>::operator Vec<_Tp, 2>() const
      | ^~~~~~
/home/genci21/Desktop/RemoteCamera/esp_stuff/main/opencv/opencv2/core/types.hpp:1210:11: error: expected initializer before '<' token
 1210 | _Tp Point_<_Tp>::dot(const Point_& pt) const
      |           ^
/home/genci21/Desktop/RemoteCamera/esp_stuff/main/opencv/opencv2/core/types.hpp:1216:14: error: expected initializer before '<' token
 1216 | double Point_<_Tp>::ddot(const Point_& pt) const
      |              ^
/home/genci21/Desktop/RemoteCamera/esp_stuff/main/opencv/opencv2/core/types.hpp:1222:14: error: expected initializer before '<' token
 1222 | double Point_<_Tp>::cross(const Point_& pt) const
      |              ^
/home/genci21/Desktop/RemoteCamera/esp_stuff/main/opencv/opencv2/core/types.hpp:1228:7: error: expected initializer before '<' token
 1228 | Point_<_Tp>::inside( const Rect_<_Tp>& r ) const
      |       ^
/home/genci21/Desktop/RemoteCamera/esp_stuff/main/opencv/opencv2/core/types.hpp:1235:1: error: 'Point_' does not name a type
 1235 | Point_<_Tp>& operator += (Point_<_Tp>& a, const Point_<_Tp>& b)
      | ^~~~~~
/home/genci21/Desktop/RemoteCamera/esp_stuff/main/opencv/opencv2/core/types.hpp:1243:1: error: 'Point_' does not name a type
 1243 | Point_<_Tp>& operator -= (Point_<_Tp>& a, const Point_<_Tp>& b)
      | ^~~~~~
/home/genci21/Desktop/RemoteCamera/esp_stuff/main/opencv/opencv2/core/types.hpp:1251:1: error: 'Point_' does not name a type
 1251 | Point_<_Tp>& operator *= (Point_<_Tp>& a, int b)
      | ^~~~~~
/home/genci21/Desktop/RemoteCamera/esp_stuff/main/opencv/opencv2/core/types.hpp:1259:1: error: 'Point_' does not name a type
 1259 | Point_<_Tp>& operator *= (Point_<_Tp>& a, float b)
      | ^~~~~~
/home/genci21/Desktop/RemoteCamera/esp_stuff/main/opencv/opencv2/core/types.hpp:1267:1: error: 'Point_' does not name a type
 1267 | Point_<_Tp>& operator *= (Point_<_Tp>& a, double b)
      | ^~~~~~
/home/genci21/Desktop/RemoteCamera/esp_stuff/main/opencv/opencv2/core/types.hpp:1275:1: error: 'Point_' does not name a type
 1275 | Point_<_Tp>& operator /= (Point_<_Tp>& a, int b)
      | ^~~~~~
/home/genci21/Desktop/RemoteCamera/esp_stuff/main/opencv/opencv2/core/types.hpp:1283:1: error: 'Point_' does not name a type
 1283 | Point_<_Tp>& operator /= (Point_<_Tp>& a, float b)
      | ^~~~~~
/home/genci21/Desktop/RemoteCamera/esp_stuff/main/opencv/opencv2/core/types.hpp:1291:1: error: 'Point_' does not name a type
 1291 | Point_<_Tp>& operator /= (Point_<_Tp>& a, double b)
      | ^~~~~~
/home/genci21/Desktop/RemoteCamera/esp_stuff/main/opencv/opencv2/core/types.hpp:1299:19: error: 'Point_' does not name a type
 1299 | double norm(const Point_<_Tp>& pt)
      |                   ^~~~~~
/home/genci21/Desktop/RemoteCamera/esp_stuff/main/opencv/opencv2/core/types.hpp:1299:25: error: expected ',' or '...' before '<' token
 1299 | double norm(const Point_<_Tp>& pt)
      |                         ^
/home/genci21/Desktop/RemoteCamera/esp_stuff/main/opencv/opencv2/core/types.hpp: In function 'double norm(int)':
/home/genci21/Desktop/RemoteCamera/esp_stuff/main/opencv/opencv2/core/types.hpp:1301:30: error: 'pt' was not declared in this scope
 1301 |     return std::sqrt((double)pt.x*pt.x + (double)pt.y*pt.y);
      |                              ^~
/home/genci21/Desktop/RemoteCamera/esp_stuff/main/opencv/opencv2/core/types.hpp: At global scope:
/home/genci21/Desktop/RemoteCamera/esp_stuff/main/opencv/opencv2/core/types.hpp:1305:25: error: 'Point_' does not name a type
 1305 | bool operator == (const Point_<_Tp>& a, const Point_<_Tp>& b)
      |                         ^~~~~~
/home/genci21/Desktop/RemoteCamera/esp_stuff/main/opencv/opencv2/core/types.hpp:1305:31: error: expected ',' or '...' before '<' token
 1305 | bool operator == (const Point_<_Tp>& a, const Point_<_Tp>& b)
      |                               ^
/home/genci21/Desktop/RemoteCamera/esp_stuff/main/opencv/opencv2/core/types.hpp:1305:6: error: 'bool operator==(int)' must have an argument of class or enumerated type
 1305 | bool operator == (const Point_<_Tp>& a, const Point_<_Tp>& b)
      |      ^~~~~~~~
/home/genci21/Desktop/RemoteCamera/esp_stuff/main/opencv/opencv2/core/types.hpp:1311:25: error: 'Point_' does not name a type
 1311 | bool operator != (const Point_<_Tp>& a, const Point_<_Tp>& b)
      |                         ^~~~~~
/home/genci21/Desktop/RemoteCamera/esp_stuff/main/opencv/opencv2/core/types.hpp:1311:31: error: expected ',' or '...' before '<' token
 1311 | bool operator != (const Point_<_Tp>& a, const Point_<_Tp>& b)
      |                               ^
/home/genci21/Desktop/RemoteCamera/esp_stuff/main/opencv/opencv2/core/types.hpp:1311:6: error: 'bool operator!=(int)' must have an argument of class or enumerated type
 1311 | bool operator != (const Point_<_Tp>& a, const Point_<_Tp>& b)
      |      ^~~~~~~~
/home/genci21/Desktop/RemoteCamera/esp_stuff/main/opencv/opencv2/core/types.hpp:1317:1: error: 'Point_' does not name a type
 1317 | Point_<_Tp> operator + (const Point_<_Tp>& a, const Point_<_Tp>& b)
      | ^~~~~~
/home/genci21/Desktop/RemoteCamera/esp_stuff/main/opencv/opencv2/core/types.hpp:1323:1: error: 'Point_' does not name a type
 1323 | Point_<_Tp> operator - (const Point_<_Tp>& a, const Point_<_Tp>& b)
      | ^~~~~~
/home/genci21/Desktop/RemoteCamera/esp_stuff/main/opencv/opencv2/core/types.hpp:1329:1: error: 'Point_' does not name a type
 1329 | Point_<_Tp> operator - (const Point_<_Tp>& a)
      | ^~~~~~
/home/genci21/Desktop/RemoteCamera/esp_stuff/main/opencv/opencv2/core/types.hpp:1335:1: error: 'Point_' does not name a type
 1335 | Point_<_Tp> operator * (const Point_<_Tp>& a, int b)
      | ^~~~~~
/home/genci21/Desktop/RemoteCamera/esp_stuff/main/opencv/opencv2/core/types.hpp:1341:1: error: 'Point_' does not name a type
 1341 | Point_<_Tp> operator * (int a, const Point_<_Tp>& b)
      | ^~~~~~
/home/genci21/Desktop/RemoteCamera/esp_stuff/main/opencv/opencv2/core/types.hpp:1347:1: error: 'Point_' does not name a type
 1347 | Point_<_Tp> operator * (const Point_<_Tp>& a, float b)
      | ^~~~~~
/home/genci21/Desktop/RemoteCamera/esp_stuff/main/opencv/opencv2/core/types.hpp:1353:1: error: 'Point_' does not name a type
 1353 | Point_<_Tp> operator * (float a, const Point_<_Tp>& b)
      | ^~~~~~
/home/genci21/Desktop/RemoteCamera/esp_stuff/main/opencv/opencv2/core/types.hpp:1359:1: error: 'Point_' does not name a type
 1359 | Point_<_Tp> operator * (const Point_<_Tp>& a, double b)
      | ^~~~~~
/home/genci21/Desktop/RemoteCamera/esp_stuff/main/opencv/opencv2/core/types.hpp:1365:1: error: 'Point_' does not name a type
 1365 | Point_<_Tp> operator * (double a, const Point_<_Tp>& b)
      | ^~~~~~
/home/genci21/Desktop/RemoteCamera/esp_stuff/main/opencv/opencv2/core/types.hpp:1371:1: error: 'Point_' does not name a type
 1371 | Point_<_Tp> operator * (const Matx<_Tp, 2, 2>& a, const Point_<_Tp>& b)
      | ^~~~~~
/home/genci21/Desktop/RemoteCamera/esp_stuff/main/opencv/opencv2/core/types.hpp:1378:1: error: 'Point3_' does not name a type
 1378 | Point3_<_Tp> operator * (const Matx<_Tp, 3, 3>& a, const Point_<_Tp>& b)
      | ^~~~~~~
/home/genci21/Desktop/RemoteCamera/esp_stuff/main/opencv/opencv2/core/types.hpp:1385:1: error: 'Point_' does not name a type
 1385 | Point_<_Tp> operator / (const Point_<_Tp>& a, int b)
      | ^~~~~~
/home/genci21/Desktop/RemoteCamera/esp_stuff/main/opencv/opencv2/core/types.hpp:1393:1: error: 'Point_' does not name a type
 1393 | Point_<_Tp> operator / (const Point_<_Tp>& a, float b)
      | ^~~~~~
/home/genci21/Desktop/RemoteCamera/esp_stuff/main/opencv/opencv2/core/types.hpp:1401:1: error: 'Point_' does not name a type
 1401 | Point_<_Tp> operator / (const Point_<_Tp>& a, double b)
      | ^~~~~~
/home/genci21/Desktop/RemoteCamera/esp_stuff/main/opencv/opencv2/core/types.hpp:1409:64: error: 'Point_' does not name a type
 1409 | template<typename _AccTp> static inline _AccTp normL2Sqr(const Point_<int>& pt);
      |                                                                ^~~~~~
/home/genci21/Desktop/RemoteCamera/esp_stuff/main/opencv/opencv2/core/types.hpp:1409:70: error: expected ',' or '...' before '<' token
 1409 | template<typename _AccTp> static inline _AccTp normL2Sqr(const Point_<int>& pt);
      |                                                                      ^
/home/genci21/Desktop/RemoteCamera/esp_stuff/main/opencv/opencv2/core/types.hpp:1410:64: error: 'Point_' does not name a type
 1410 | template<typename _AccTp> static inline _AccTp normL2Sqr(const Point_<int64>& pt);
      |                                                                ^~~~~~
/home/genci21/Desktop/RemoteCamera/esp_stuff/main/opencv/opencv2/core/types.hpp:1410:70: error: expected ',' or '...' before '<' token
 1410 | template<typename _AccTp> static inline _AccTp normL2Sqr(const Point_<int64>& pt);
      |                                                                      ^
/home/genci21/Desktop/RemoteCamera/esp_stuff/main/opencv/opencv2/core/types.hpp:1411:64: error: 'Point_' does not name a type
 1411 | template<typename _AccTp> static inline _AccTp normL2Sqr(const Point_<float>& pt);
      |                                                                ^~~~~~
/home/genci21/Desktop/RemoteCamera/esp_stuff/main/opencv/opencv2/core/types.hpp:1411:70: error: expected ',' or '...' before '<' token
 1411 | template<typename _AccTp> static inline _AccTp normL2Sqr(const Point_<float>& pt);
      |                                                                      ^
/home/genci21/Desktop/RemoteCamera/esp_stuff/main/opencv/opencv2/core/types.hpp:1412:64: error: 'Point_' does not name a type
 1412 | template<typename _AccTp> static inline _AccTp normL2Sqr(const Point_<double>& pt);
      |                                                                ^~~~~~
/home/genci21/Desktop/RemoteCamera/esp_stuff/main/opencv/opencv2/core/types.hpp:1412:70: error: expected ',' or '...' before '<' token
 1412 | template<typename _AccTp> static inline _AccTp normL2Sqr(const Point_<double>& pt);
      |                                                                      ^
/home/genci21/Desktop/RemoteCamera/esp_stuff/main/opencv/opencv2/core/types.hpp:1414:44: error: 'Point_' does not name a type
 1414 | template<> inline int normL2Sqr<int>(const Point_<int>& pt) { return pt.dot(pt); }
      |                                            ^~~~~~
/home/genci21/Desktop/RemoteCamera/esp_stuff/main/opencv/opencv2/core/types.hpp:1414:50: error: expected ',' or '...' before '<' token
 1414 | template<> inline int normL2Sqr<int>(const Point_<int>& pt) { return pt.dot(pt); }
      |                                                  ^
/home/genci21/Desktop/RemoteCamera/esp_stuff/main/opencv/opencv2/core/types.hpp: In function '_AccTp normL2Sqr(int) [with _AccTp = int]':
/home/genci21/Desktop/RemoteCamera/esp_stuff/main/opencv/opencv2/core/types.hpp:1414:70: error: 'pt' was not declared in this scope
 1414 | template<> inline int normL2Sqr<int>(const Point_<int>& pt) { return pt.dot(pt); }
      |                                                                      ^~
/home/genci21/Desktop/RemoteCamera/esp_stuff/main/opencv/opencv2/core/types.hpp: At global scope:
/home/genci21/Desktop/RemoteCamera/esp_stuff/main/opencv/opencv2/core/types.hpp:1415:48: error: 'Point_' does not name a type
 1415 | template<> inline int64 normL2Sqr<int64>(const Point_<int64>& pt) { return pt.dot(pt); }
      |                                                ^~~~~~
/home/genci21/Desktop/RemoteCamera/esp_stuff/main/opencv/opencv2/core/types.hpp:1415:54: error: expected ',' or '...' before '<' token
 1415 | template<> inline int64 normL2Sqr<int64>(const Point_<int64>& pt) { return pt.dot(pt); }
      |                                                      ^
/home/genci21/Desktop/RemoteCamera/esp_stuff/main/opencv/opencv2/core/types.hpp: In function '_AccTp normL2Sqr(int) [with _AccTp = long long int]':
/home/genci21/Desktop/RemoteCamera/esp_stuff/main/opencv/opencv2/core/types.hpp:1415:76: error: 'pt' was not declared in this scope
 1415 | template<> inline int64 normL2Sqr<int64>(const Point_<int64>& pt) { return pt.dot(pt); }
      |                                                                            ^~
/home/genci21/Desktop/RemoteCamera/esp_stuff/main/opencv/opencv2/core/types.hpp: At global scope:
/home/genci21/Desktop/RemoteCamera/esp_stuff/main/opencv/opencv2/core/types.hpp:1416:48: error: 'Point_' does not name a type
 1416 | template<> inline float normL2Sqr<float>(const Point_<float>& pt) { return pt.dot(pt); }
      |                                                ^~~~~~
/home/genci21/Desktop/RemoteCamera/esp_stuff/main/opencv/opencv2/core/types.hpp:1416:54: error: expected ',' or '...' before '<' token
 1416 | template<> inline float normL2Sqr<float>(const Point_<float>& pt) { return pt.dot(pt); }
      |                                                      ^
/home/genci21/Desktop/RemoteCamera/esp_stuff/main/opencv/opencv2/core/types.hpp: In function '_AccTp normL2Sqr(int) [with _AccTp = float]':
/home/genci21/Desktop/RemoteCamera/esp_stuff/main/opencv/opencv2/core/types.hpp:1416:76: error: 'pt' was not declared in this scope
 1416 | template<> inline float normL2Sqr<float>(const Point_<float>& pt) { return pt.dot(pt); }
      |                                                                            ^~
/home/genci21/Desktop/RemoteCamera/esp_stuff/main/opencv/opencv2/core/types.hpp: At global scope:
/home/genci21/Desktop/RemoteCamera/esp_stuff/main/opencv/opencv2/core/types.hpp:1417:50: error: 'Point_' does not name a type
 1417 | template<> inline double normL2Sqr<double>(const Point_<int>& pt) { return pt.dot(pt); }
      |                                                  ^~~~~~
/home/genci21/Desktop/RemoteCamera/esp_stuff/main/opencv/opencv2/core/types.hpp:1417:56: error: expected ',' or '...' before '<' token
 1417 | template<> inline double normL2Sqr<double>(const Point_<int>& pt) { return pt.dot(pt); }
      |                                                        ^
/home/genci21/Desktop/RemoteCamera/esp_stuff/main/opencv/opencv2/core/types.hpp: In function '_AccTp normL2Sqr(int) [with _AccTp = double]':
/home/genci21/Desktop/RemoteCamera/esp_stuff/main/opencv/opencv2/core/types.hpp:1417:76: error: 'pt' was not declared in this scope
 1417 | template<> inline double normL2Sqr<double>(const Point_<int>& pt) { return pt.dot(pt); }
      |                                                                            ^~
/home/genci21/Desktop/RemoteCamera/esp_stuff/main/opencv/opencv2/core/types.hpp: At global scope:
/home/genci21/Desktop/RemoteCamera/esp_stuff/main/opencv/opencv2/core/types.hpp:1419:50: error: 'Point_' does not name a type
 1419 | template<> inline double normL2Sqr<double>(const Point_<float>& pt) { return pt.ddot(pt); }
      |                                                  ^~~~~~
/home/genci21/Desktop/RemoteCamera/esp_stuff/main/opencv/opencv2/core/types.hpp:1419:56: error: expected ',' or '...' before '<' token
 1419 | template<> inline double normL2Sqr<double>(const Point_<float>& pt) { return pt.ddot(pt); }
      |                                                        ^
/home/genci21/Desktop/RemoteCamera/esp_stuff/main/opencv/opencv2/core/types.hpp:1419:26: error: redefinition of '_AccTp normL2Sqr(int) [with _AccTp = double]'
 1419 | template<> inline double normL2Sqr<double>(const Point_<float>& pt) { return pt.ddot(pt); }
      |                          ^~~~~~~~~~~~~~~~~
/home/genci21/Desktop/RemoteCamera/esp_stuff/main/opencv/opencv2/core/types.hpp:1417:26: note: '_AccTp normL2Sqr(int) [with _AccTp = double]' previously declared here
 1417 | template<> inline double normL2Sqr<double>(const Point_<int>& pt) { return pt.dot(pt); }
      |                          ^~~~~~~~~~~~~~~~~
/home/genci21/Desktop/RemoteCamera/esp_stuff/main/opencv/opencv2/core/types.hpp:1420:50: error: 'Point_' does not name a type
 1420 | template<> inline double normL2Sqr<double>(const Point_<double>& pt) { return pt.ddot(pt); }
      |                                                  ^~~~~~
/home/genci21/Desktop/RemoteCamera/esp_stuff/main/opencv/opencv2/core/types.hpp:1420:56: error: expected ',' or '...' before '<' token
 1420 | template<> inline double normL2Sqr<double>(const Point_<double>& pt) { return pt.ddot(pt); }
      |                                                        ^
/home/genci21/Desktop/RemoteCamera/esp_stuff/main/opencv/opencv2/core/types.hpp:1420:26: error: redefinition of '_AccTp normL2Sqr(int) [with _AccTp = double]'
 1420 | template<> inline double normL2Sqr<double>(const Point_<double>& pt) { return pt.ddot(pt); }
      |                          ^~~~~~~~~~~~~~~~~
/home/genci21/Desktop/RemoteCamera/esp_stuff/main/opencv/opencv2/core/types.hpp:1417:26: note: '_AccTp normL2Sqr(int) [with _AccTp = double]' previously declared here
 1417 | template<> inline double normL2Sqr<double>(const Point_<int>& pt) { return pt.dot(pt); }
      |                          ^~~~~~~~~~~~~~~~~
/home/genci21/Desktop/RemoteCamera/esp_stuff/main/opencv/opencv2/core/types.hpp:1427:1: error: 'Point3_' does not name a type
 1427 | Point3_<_Tp>::Point3_()
      | ^~~~~~~
/home/genci21/Desktop/RemoteCamera/esp_stuff/main/opencv/opencv2/core/types.hpp:1431:1: error: 'Point3_' does not name a type
 1431 | Point3_<_Tp>::Point3_(_Tp _x, _Tp _y, _Tp _z)
      | ^~~~~~~
/home/genci21/Desktop/RemoteCamera/esp_stuff/main/opencv/opencv2/core/types.hpp:1435:1: error: 'Point3_' does not name a type
 1435 | Point3_<_Tp>::Point3_(const Point3_& pt)
      | ^~~~~~~
/home/genci21/Desktop/RemoteCamera/esp_stuff/main/opencv/opencv2/core/types.hpp:1439:1: error: 'Point3_' does not name a type
 1439 | Point3_<_Tp>::Point3_(Point3_&& pt) CV_NOEXCEPT
      | ^~~~~~~
/home/genci21/Desktop/RemoteCamera/esp_stuff/main/opencv/opencv2/core/types.hpp:1443:1: error: 'Point3_' does not name a type
 1443 | Point3_<_Tp>::Point3_(const Point_<_Tp>& pt)
      | ^~~~~~~
/home/genci21/Desktop/RemoteCamera/esp_stuff/main/opencv/opencv2/core/types.hpp:1447:1: error: 'Point3_' does not name a type
 1447 | Point3_<_Tp>::Point3_(const Vec<_Tp, 3>& v)
      | ^~~~~~~
/home/genci21/Desktop/RemoteCamera/esp_stuff/main/opencv/opencv2/core/types.hpp:1451:1: error: 'Point3_' does not name a type
 1451 | Point3_<_Tp>::operator Point3_<_Tp2>() const
      | ^~~~~~~
/home/genci21/Desktop/RemoteCamera/esp_stuff/main/opencv/opencv2/core/types.hpp:1457:1: error: 'Point3_' does not name a type
 1457 | Point3_<_Tp>::operator Vec<_Tp, 3>() const
      | ^~~~~~~
/home/genci21/Desktop/RemoteCamera/esp_stuff/main/opencv/opencv2/core/types.hpp:1463:1: error: 'Point3_' does not name a type
 1463 | Point3_<_Tp>& Point3_<_Tp>::operator = (const Point3_& pt)
      | ^~~~~~~
/home/genci21/Desktop/RemoteCamera/esp_stuff/main/opencv/opencv2/core/types.hpp:1470:1: error: 'Point3_' does not name a type
 1470 | Point3_<_Tp>& Point3_<_Tp>::operator = (Point3_&& pt) CV_NOEXCEPT
      | ^~~~~~~
/home/genci21/Desktop/RemoteCamera/esp_stuff/main/opencv/opencv2/core/types.hpp:1477:12: error: expected initializer before '<' token
 1477 | _Tp Point3_<_Tp>::dot(const Point3_& pt) const
      |            ^
/home/genci21/Desktop/RemoteCamera/esp_stuff/main/opencv/opencv2/core/types.hpp:1483:15: error: expected initializer before '<' token
 1483 | double Point3_<_Tp>::ddot(const Point3_& pt) const
      |               ^
/home/genci21/Desktop/RemoteCamera/esp_stuff/main/opencv/opencv2/core/types.hpp:1489:1: error: 'Point3_' does not name a type
 1489 | Point3_<_Tp> Point3_<_Tp>::cross(const Point3_<_Tp>& pt) const
      | ^~~~~~~
/home/genci21/Desktop/RemoteCamera/esp_stuff/main/opencv/opencv2/core/types.hpp:1496:1: error: 'Point3_' does not name a type
 1496 | Point3_<_Tp>& operator += (Point3_<_Tp>& a, const Point3_<_Tp>& b)
      | ^~~~~~~
/home/genci21/Desktop/RemoteCamera/esp_stuff/main/opencv/opencv2/core/types.hpp:1505:1: error: 'Point3_' does not name a type
 1505 | Point3_<_Tp>& operator -= (Point3_<_Tp>& a, const Point3_<_Tp>& b)
      | ^~~~~~~
/home/genci21/Desktop/RemoteCamera/esp_stuff/main/opencv/opencv2/core/types.hpp:1514:1: error: 'Point3_' does not name a type
 1514 | Point3_<_Tp>& operator *= (Point3_<_Tp>& a, int b)
      | ^~~~~~~
/home/genci21/Desktop/RemoteCamera/esp_stuff/main/opencv/opencv2/core/types.hpp:1523:1: error: 'Point3_' does not name a type
 1523 | Point3_<_Tp>& operator *= (Point3_<_Tp>& a, float b)
      | ^~~~~~~
/home/genci21/Desktop/RemoteCamera/esp_stuff/main/opencv/opencv2/core/types.hpp:1532:1: error: 'Point3_' does not name a type
 1532 | Point3_<_Tp>& operator *= (Point3_<_Tp>& a, double b)
      | ^~~~~~~
/home/genci21/Desktop/RemoteCamera/esp_stuff/main/opencv/opencv2/core/types.hpp:1541:1: error: 'Point3_' does not name a type
 1541 | Point3_<_Tp>& operator /= (Point3_<_Tp>& a, int b)
      | ^~~~~~~
/home/genci21/Desktop/RemoteCamera/esp_stuff/main/opencv/opencv2/core/types.hpp:1550:1: error: 'Point3_' does not name a type
 1550 | Point3_<_Tp>& operator /= (Point3_<_Tp>& a, float b)
      | ^~~~~~~
/home/genci21/Desktop/RemoteCamera/esp_stuff/main/opencv/opencv2/core/types.hpp:1559:1: error: 'Point3_' does not name a type
 1559 | Point3_<_Tp>& operator /= (Point3_<_Tp>& a, double b)
      | ^~~~~~~
/home/genci21/Desktop/RemoteCamera/esp_stuff/main/opencv/opencv2/core/types.hpp:1568:19: error: 'Point3_' does not name a type
 1568 | double norm(const Point3_<_Tp>& pt)
      |                   ^~~~~~~
/home/genci21/Desktop/RemoteCamera/esp_stuff/main/opencv/opencv2/core/types.hpp:1568:26: error: expected ',' or '...' before '<' token
 1568 | double norm(const Point3_<_Tp>& pt)
      |                          ^
/home/genci21/Desktop/RemoteCamera/esp_stuff/main/opencv/opencv2/core/types.hpp:1568:8: error: redefinition of 'template<class _Tp> double norm(int)'
 1568 | double norm(const Point3_<_Tp>& pt)
      |        ^~~~
/home/genci21/Desktop/RemoteCamera/esp_stuff/main/opencv/opencv2/core/types.hpp:1299:8: note: 'template<class _Tp> double norm(int)' previously declared here
 1299 | double norm(const Point_<_Tp>& pt)
      |        ^~~~
/home/genci21/Desktop/RemoteCamera/esp_stuff/main/opencv/opencv2/core/types.hpp:1574:25: error: 'Point3_' does not name a type
 1574 | bool operator == (const Point3_<_Tp>& a, const Point3_<_Tp>& b)
      |                         ^~~~~~~
/home/genci21/Desktop/RemoteCamera/esp_stuff/main/opencv/opencv2/core/types.hpp:1574:32: error: expected ',' or '...' before '<' token
 1574 | bool operator == (const Point3_<_Tp>& a, const Point3_<_Tp>& b)
      |                                ^
/home/genci21/Desktop/RemoteCamera/esp_stuff/main/opencv/opencv2/core/types.hpp:1574:6: error: 'bool operator==(int)' must have an argument of class or enumerated type
 1574 | bool operator == (const Point3_<_Tp>& a, const Point3_<_Tp>& b)
      |      ^~~~~~~~
/home/genci21/Desktop/RemoteCamera/esp_stuff/main/opencv/opencv2/core/types.hpp:1580:25: error: 'Point3_' does not name a type
 1580 | bool operator != (const Point3_<_Tp>& a, const Point3_<_Tp>& b)
      |                         ^~~~~~~
/home/genci21/Desktop/RemoteCamera/esp_stuff/main/opencv/opencv2/core/types.hpp:1580:32: error: expected ',' or '...' before '<' token
 1580 | bool operator != (const Point3_<_Tp>& a, const Point3_<_Tp>& b)
      |                                ^
/home/genci21/Desktop/RemoteCamera/esp_stuff/main/opencv/opencv2/core/types.hpp:1580:6: error: 'bool operator!=(int)' must have an argument of class or enumerated type
 1580 | bool operator != (const Point3_<_Tp>& a, const Point3_<_Tp>& b)
      |      ^~~~~~~~
/home/genci21/Desktop/RemoteCamera/esp_stuff/main/opencv/opencv2/core/types.hpp:1586:1: error: 'Point3_' does not name a type
 1586 | Point3_<_Tp> operator + (const Point3_<_Tp>& a, const Point3_<_Tp>& b)
      | ^~~~~~~
/home/genci21/Desktop/RemoteCamera/esp_stuff/main/opencv/opencv2/core/types.hpp:1592:1: error: 'Point3_' does not name a type
 1592 | Point3_<_Tp> operator - (const Point3_<_Tp>& a, const Point3_<_Tp>& b)
      | ^~~~~~~
/home/genci21/Desktop/RemoteCamera/esp_stuff/main/opencv/opencv2/core/types.hpp:1598:1: error: 'Point3_' does not name a type
 1598 | Point3_<_Tp> operator - (const Point3_<_Tp>& a)
      | ^~~~~~~
/home/genci21/Desktop/RemoteCamera/esp_stuff/main/opencv/opencv2/core/types.hpp:1604:1: error: 'Point3_' does not name a type
 1604 | Point3_<_Tp> operator * (const Point3_<_Tp>& a, int b)
      | ^~~~~~~
/home/genci21/Desktop/RemoteCamera/esp_stuff/main/opencv/opencv2/core/types.hpp:1610:1: error: 'Point3_' does not name a type
 1610 | Point3_<_Tp> operator * (int a, const Point3_<_Tp>& b)
      | ^~~~~~~
/home/genci21/Desktop/RemoteCamera/esp_stuff/main/opencv/opencv2/core/types.hpp:1616:1: error: 'Point3_' does not name a type
 1616 | Point3_<_Tp> operator * (const Point3_<_Tp>& a, float b)
      | ^~~~~~~
/home/genci21/Desktop/RemoteCamera/esp_stuff/main/opencv/opencv2/core/types.hpp:1622:1: error: 'Point3_' does not name a type
 1622 | Point3_<_Tp> operator * (float a, const Point3_<_Tp>& b)
      | ^~~~~~~
/home/genci21/Desktop/RemoteCamera/esp_stuff/main/opencv/opencv2/core/types.hpp:1628:1: error: 'Point3_' does not name a type
 1628 | Point3_<_Tp> operator * (const Point3_<_Tp>& a, double b)
      | ^~~~~~~
/home/genci21/Desktop/RemoteCamera/esp_stuff/main/opencv/opencv2/core/types.hpp:1634:1: error: 'Point3_' does not name a type
 1634 | Point3_<_Tp> operator * (double a, const Point3_<_Tp>& b)
      | ^~~~~~~
/home/genci21/Desktop/RemoteCamera/esp_stuff/main/opencv/opencv2/core/types.hpp:1640:1: error: 'Point3_' does not name a type
 1640 | Point3_<_Tp> operator * (const Matx<_Tp, 3, 3>& a, const Point3_<_Tp>& b)
      | ^~~~~~~
/home/genci21/Desktop/RemoteCamera/esp_stuff/main/opencv/opencv2/core/types.hpp:1647:1: error: 'Matx' does not name a type
 1647 | Matx<_Tp, 4, 1> operator * (const Matx<_Tp, 4, 4>& a, const Point3_<_Tp>& b)
      | ^~~~
/home/genci21/Desktop/RemoteCamera/esp_stuff/main/opencv/opencv2/core/types.hpp:1653:1: error: 'Point3_' does not name a type
 1653 | Point3_<_Tp> operator / (const Point3_<_Tp>& a, int b)
      | ^~~~~~~
/home/genci21/Desktop/RemoteCamera/esp_stuff/main/opencv/opencv2/core/types.hpp:1661:1: error: 'Point3_' does not name a type
 1661 | Point3_<_Tp> operator / (const Point3_<_Tp>& a, float b)
      | ^~~~~~~
/home/genci21/Desktop/RemoteCamera/esp_stuff/main/opencv/opencv2/core/types.hpp:1669:1: error: 'Point3_' does not name a type
 1669 | Point3_<_Tp> operator / (const Point3_<_Tp>& a, double b)
      | ^~~~~~~
/home/genci21/Desktop/RemoteCamera/esp_stuff/main/opencv/opencv2/core/types.hpp:1681:1: error: 'Size_' does not name a type; did you mean 'size_t'?
 1681 | Size_<_Tp>::Size_()
      | ^~~~~
      | size_t
/home/genci21/Desktop/RemoteCamera/esp_stuff/main/opencv/opencv2/core/types.hpp:1685:1: error: 'Size_' does not name a type; did you mean 'size_t'?
 1685 | Size_<_Tp>::Size_(_Tp _width, _Tp _height)
      | ^~~~~
      | size_t
/home/genci21/Desktop/RemoteCamera/esp_stuff/main/opencv/opencv2/core/types.hpp:1689:1: error: 'Size_' does not name a type; did you mean 'size_t'?
 1689 | Size_<_Tp>::Size_(const Size_& sz)
      | ^~~~~
      | size_t
/home/genci21/Desktop/RemoteCamera/esp_stuff/main/opencv/opencv2/core/types.hpp:1693:1: error: 'Size_' does not name a type; did you mean 'size_t'?
 1693 | Size_<_Tp>::Size_(Size_&& sz) CV_NOEXCEPT
      | ^~~~~
      | size_t
/home/genci21/Desktop/RemoteCamera/esp_stuff/main/opencv/opencv2/core/types.hpp:1697:1: error: 'Size_' does not name a type; did you mean 'size_t'?
 1697 | Size_<_Tp>::Size_(const Point_<_Tp>& pt)
      | ^~~~~
      | size_t
/home/genci21/Desktop/RemoteCamera/esp_stuff/main/opencv/opencv2/core/types.hpp:1701:1: error: 'Size_' does not name a type; did you mean 'size_t'?
 1701 | Size_<_Tp>::operator Size_<_Tp2>() const
      | ^~~~~
      | size_t
/home/genci21/Desktop/RemoteCamera/esp_stuff/main/opencv/opencv2/core/types.hpp:1707:1: error: 'Size_' does not name a type; did you mean 'size_t'?
 1707 | Size_<_Tp>& Size_<_Tp>::operator = (const Size_<_Tp>& sz)
      | ^~~~~
      | size_t
/home/genci21/Desktop/RemoteCamera/esp_stuff/main/opencv/opencv2/core/types.hpp:1714:1: error: 'Size_' does not name a type; did you mean 'size_t'?
 1714 | Size_<_Tp>& Size_<_Tp>::operator = (Size_<_Tp>&& sz) CV_NOEXCEPT
      | ^~~~~
      | size_t
/home/genci21/Desktop/RemoteCamera/esp_stuff/main/opencv/opencv2/core/types.hpp:1721:10: error: expected initializer before '<' token
 1721 | _Tp Size_<_Tp>::area() const
      |          ^
/home/genci21/Desktop/RemoteCamera/esp_stuff/main/opencv/opencv2/core/types.hpp:1730:13: error: expected initializer before '<' token
 1730 | double Size_<_Tp>::aspectRatio() const
      |             ^
/home/genci21/Desktop/RemoteCamera/esp_stuff/main/opencv/opencv2/core/types.hpp:1736:11: error: expected initializer before '<' token
 1736 | bool Size_<_Tp>::empty() const
      |           ^
/home/genci21/Desktop/RemoteCamera/esp_stuff/main/opencv/opencv2/core/types.hpp:1743:1: error: 'Size_' does not name a type; did you mean 'size_t'?
 1743 | Size_<_Tp>& operator *= (Size_<_Tp>& a, _Tp b)
      | ^~~~~
      | size_t
/home/genci21/Desktop/RemoteCamera/esp_stuff/main/opencv/opencv2/core/types.hpp:1751:1: error: 'Size_' does not name a type; did you mean 'size_t'?
 1751 | Size_<_Tp> operator * (const Size_<_Tp>& a, _Tp b)
      | ^~~~~
      | size_t
/home/genci21/Desktop/RemoteCamera/esp_stuff/main/opencv/opencv2/core/types.hpp:1759:1: error: 'Size_' does not name a type; did you mean 'size_t'?
 1759 | Size_<_Tp>& operator /= (Size_<_Tp>& a, _Tp b)
      | ^~~~~
      | size_t
/home/genci21/Desktop/RemoteCamera/esp_stuff/main/opencv/opencv2/core/types.hpp:1767:1: error: 'Size_' does not name a type; did you mean 'size_t'?
 1767 | Size_<_Tp> operator / (const Size_<_Tp>& a, _Tp b)
      | ^~~~~
      | size_t
/home/genci21/Desktop/RemoteCamera/esp_stuff/main/opencv/opencv2/core/types.hpp:1775:1: error: 'Size_' does not name a type; did you mean 'size_t'?
 1775 | Size_<_Tp>& operator += (Size_<_Tp>& a, const Size_<_Tp>& b)
      | ^~~~~
      | size_t
/home/genci21/Desktop/RemoteCamera/esp_stuff/main/opencv/opencv2/core/types.hpp:1783:1: error: 'Size_' does not name a type; did you mean 'size_t'?
 1783 | Size_<_Tp> operator + (const Size_<_Tp>& a, const Size_<_Tp>& b)
      | ^~~~~
      | size_t
/home/genci21/Desktop/RemoteCamera/esp_stuff/main/opencv/opencv2/core/types.hpp:1791:1: error: 'Size_' does not name a type; did you mean 'size_t'?
 1791 | Size_<_Tp>& operator -= (Size_<_Tp>& a, const Size_<_Tp>& b)
      | ^~~~~
      | size_t
/home/genci21/Desktop/RemoteCamera/esp_stuff/main/opencv/opencv2/core/types.hpp:1799:1: error: 'Size_' does not name a type; did you mean 'size_t'?
 1799 | Size_<_Tp> operator - (const Size_<_Tp>& a, const Size_<_Tp>& b)
      | ^~~~~
      | size_t
/home/genci21/Desktop/RemoteCamera/esp_stuff/main/opencv/opencv2/core/types.hpp:1807:25: error: 'Size_' does not name a type; did you mean 'size_t'?
 1807 | bool operator == (const Size_<_Tp>& a, const Size_<_Tp>& b)
      |                         ^~~~~
      |                         size_t
/home/genci21/Desktop/RemoteCamera/esp_stuff/main/opencv/opencv2/core/types.hpp:1807:30: error: expected ',' or '...' before '<' token
 1807 | bool operator == (const Size_<_Tp>& a, const Size_<_Tp>& b)
      |                              ^
/home/genci21/Desktop/RemoteCamera/esp_stuff/main/opencv/opencv2/core/types.hpp:1807:6: error: 'bool operator==(int)' must have an argument of class or enumerated type
 1807 | bool operator == (const Size_<_Tp>& a, const Size_<_Tp>& b)
      |      ^~~~~~~~
/home/genci21/Desktop/RemoteCamera/esp_stuff/main/opencv/opencv2/core/types.hpp:1813:25: error: 'Size_' does not name a type; did you mean 'size_t'?
 1813 | bool operator != (const Size_<_Tp>& a, const Size_<_Tp>& b)
      |                         ^~~~~
      |                         size_t
/home/genci21/Desktop/RemoteCamera/esp_stuff/main/opencv/opencv2/core/types.hpp:1813:30: error: expected ',' or '...' before '<' token
 1813 | bool operator != (const Size_<_Tp>& a, const Size_<_Tp>& b)
      |                              ^
/home/genci21/Desktop/RemoteCamera/esp_stuff/main/opencv/opencv2/core/types.hpp:1813:6: error: 'bool operator!=(int)' must have an argument of class or enumerated type
 1813 | bool operator != (const Size_<_Tp>& a, const Size_<_Tp>& b)
      |      ^~~~~~~~
/home/genci21/Desktop/RemoteCamera/esp_stuff/main/opencv/opencv2/core/types.hpp:1823:1: error: 'Rect_' does not name a type
 1823 | Rect_<_Tp>::Rect_()
      | ^~~~~
/home/genci21/Desktop/RemoteCamera/esp_stuff/main/opencv/opencv2/core/types.hpp:1827:1: error: 'Rect_' does not name a type
 1827 | Rect_<_Tp>::Rect_(_Tp _x, _Tp _y, _Tp _width, _Tp _height)
      | ^~~~~
/home/genci21/Desktop/RemoteCamera/esp_stuff/main/opencv/opencv2/core/types.hpp:1831:1: error: 'Rect_' does not name a type
 1831 | Rect_<_Tp>::Rect_(const Rect_<_Tp>& r)
      | ^~~~~
/home/genci21/Desktop/RemoteCamera/esp_stuff/main/opencv/opencv2/core/types.hpp:1835:1: error: 'Rect_' does not name a type
 1835 | Rect_<_Tp>::Rect_(Rect_<_Tp>&& r) CV_NOEXCEPT
      | ^~~~~
/home/genci21/Desktop/RemoteCamera/esp_stuff/main/opencv/opencv2/core/types.hpp:1839:1: error: 'Rect_' does not name a type
 1839 | Rect_<_Tp>::Rect_(const Point_<_Tp>& org, const Size_<_Tp>& sz)
      | ^~~~~
/home/genci21/Desktop/RemoteCamera/esp_stuff/main/opencv/opencv2/core/types.hpp:1843:1: error: 'Rect_' does not name a type
 1843 | Rect_<_Tp>::Rect_(const Point_<_Tp>& pt1, const Point_<_Tp>& pt2)
      | ^~~~~
/home/genci21/Desktop/RemoteCamera/esp_stuff/main/opencv/opencv2/core/types.hpp:1852:1: error: 'Rect_' does not name a type
 1852 | Rect_<_Tp>& Rect_<_Tp>::operator = ( const Rect_<_Tp>& r )
      | ^~~~~
/home/genci21/Desktop/RemoteCamera/esp_stuff/main/opencv/opencv2/core/types.hpp:1862:1: error: 'Rect_' does not name a type
 1862 | Rect_<_Tp>& Rect_<_Tp>::operator = ( Rect_<_Tp>&& r ) CV_NOEXCEPT
      | ^~~~~
/home/genci21/Desktop/RemoteCamera/esp_stuff/main/opencv/opencv2/core/types.hpp:1872:1: error: 'Point_' does not name a type
 1872 | Point_<_Tp> Rect_<_Tp>::tl() const
      | ^~~~~~
/home/genci21/Desktop/RemoteCamera/esp_stuff/main/opencv/opencv2/core/types.hpp:1878:1: error: 'Point_' does not name a type
 1878 | Point_<_Tp> Rect_<_Tp>::br() const
      | ^~~~~~
/home/genci21/Desktop/RemoteCamera/esp_stuff/main/opencv/opencv2/core/types.hpp:1884:1: error: 'Size_' does not name a type; did you mean 'size_t'?
 1884 | Size_<_Tp> Rect_<_Tp>::size() const
      | ^~~~~
      | size_t
/home/genci21/Desktop/RemoteCamera/esp_stuff/main/opencv/opencv2/core/types.hpp:1890:10: error: expected initializer before '<' token
 1890 | _Tp Rect_<_Tp>::area() const
      |          ^
/home/genci21/Desktop/RemoteCamera/esp_stuff/main/opencv/opencv2/core/types.hpp:1899:11: error: expected initializer before '<' token
 1899 | bool Rect_<_Tp>::empty() const
      |           ^
/home/genci21/Desktop/RemoteCamera/esp_stuff/main/opencv/opencv2/core/types.hpp:1905:1: error: 'Rect_' does not name a type
 1905 | Rect_<_Tp>::operator Rect_<_Tp2>() const
      | ^~~~~
/home/genci21/Desktop/RemoteCamera/esp_stuff/main/opencv/opencv2/core/types.hpp:1911:11: error: expected initializer before '<' token
 1911 | bool Rect_<_Tp>::contains(const Point_<_Tp>& pt) const
      |           ^
/home/genci21/Desktop/RemoteCamera/esp_stuff/main/opencv/opencv2/core/types.hpp:1918:1: error: 'Rect_' does not name a type
 1918 | Rect_<_Tp>& operator += ( Rect_<_Tp>& a, const Point_<_Tp>& b )
      | ^~~~~
/home/genci21/Desktop/RemoteCamera/esp_stuff/main/opencv/opencv2/core/types.hpp:1926:1: error: 'Rect_' does not name a type
 1926 | Rect_<_Tp>& operator -= ( Rect_<_Tp>& a, const Point_<_Tp>& b )
      | ^~~~~
/home/genci21/Desktop/RemoteCamera/esp_stuff/main/opencv/opencv2/core/types.hpp:1934:1: error: 'Rect_' does not name a type
 1934 | Rect_<_Tp>& operator += ( Rect_<_Tp>& a, const Size_<_Tp>& b )
      | ^~~~~
/home/genci21/Desktop/RemoteCamera/esp_stuff/main/opencv/opencv2/core/types.hpp:1942:1: error: 'Rect_' does not name a type
 1942 | Rect_<_Tp>& operator -= ( Rect_<_Tp>& a, const Size_<_Tp>& b )
      | ^~~~~
/home/genci21/Desktop/RemoteCamera/esp_stuff/main/opencv/opencv2/core/types.hpp:1953:1: error: 'Rect_' does not name a type
 1953 | Rect_<_Tp>& operator &= ( Rect_<_Tp>& a, const Rect_<_Tp>& b )
      | ^~~~~
/home/genci21/Desktop/RemoteCamera/esp_stuff/main/opencv/opencv2/core/types.hpp:1967:1: error: 'Rect_' does not name a type
 1967 | Rect_<_Tp>& operator |= ( Rect_<_Tp>& a, const Rect_<_Tp>& b )
      | ^~~~~
/home/genci21/Desktop/RemoteCamera/esp_stuff/main/opencv/opencv2/core/types.hpp:1984:25: error: 'Rect_' does not name a type
 1984 | bool operator == (const Rect_<_Tp>& a, const Rect_<_Tp>& b)
      |                         ^~~~~
/home/genci21/Desktop/RemoteCamera/esp_stuff/main/opencv/opencv2/core/types.hpp:1984:30: error: expected ',' or '...' before '<' token
 1984 | bool operator == (const Rect_<_Tp>& a, const Rect_<_Tp>& b)
      |                              ^
/home/genci21/Desktop/RemoteCamera/esp_stuff/main/opencv/opencv2/core/types.hpp:1984:6: error: 'bool operator==(int)' must have an argument of class or enumerated type
 1984 | bool operator == (const Rect_<_Tp>& a, const Rect_<_Tp>& b)
      |      ^~~~~~~~
/home/genci21/Desktop/RemoteCamera/esp_stuff/main/opencv/opencv2/core/types.hpp:1990:25: error: 'Rect_' does not name a type
 1990 | bool operator != (const Rect_<_Tp>& a, const Rect_<_Tp>& b)
      |                         ^~~~~
/home/genci21/Desktop/RemoteCamera/esp_stuff/main/opencv/opencv2/core/types.hpp:1990:30: error: expected ',' or '...' before '<' token
 1990 | bool operator != (const Rect_<_Tp>& a, const Rect_<_Tp>& b)
      |                              ^
/home/genci21/Desktop/RemoteCamera/esp_stuff/main/opencv/opencv2/core/types.hpp:1990:6: error: 'bool operator!=(int)' must have an argument of class or enumerated type
 1990 | bool operator != (const Rect_<_Tp>& a, const Rect_<_Tp>& b)
      |      ^~~~~~~~
/home/genci21/Desktop/RemoteCamera/esp_stuff/main/opencv/opencv2/core/types.hpp:1996:1: error: 'Rect_' does not name a type
 1996 | Rect_<_Tp> operator + (const Rect_<_Tp>& a, const Point_<_Tp>& b)
      | ^~~~~
/home/genci21/Desktop/RemoteCamera/esp_stuff/main/opencv/opencv2/core/types.hpp:2002:1: error: 'Rect_' does not name a type
 2002 | Rect_<_Tp> operator - (const Rect_<_Tp>& a, const Point_<_Tp>& b)
      | ^~~~~
/home/genci21/Desktop/RemoteCamera/esp_stuff/main/opencv/opencv2/core/types.hpp:2008:1: error: 'Rect_' does not name a type
 2008 | Rect_<_Tp> operator + (const Rect_<_Tp>& a, const Size_<_Tp>& b)
      | ^~~~~
/home/genci21/Desktop/RemoteCamera/esp_stuff/main/opencv/opencv2/core/types.hpp:2014:1: error: 'Rect_' does not name a type
 2014 | Rect_<_Tp> operator - (const Rect_<_Tp>& a, const Size_<_Tp>& b)
      | ^~~~~
/home/genci21/Desktop/RemoteCamera/esp_stuff/main/opencv/opencv2/core/types.hpp:2023:1: error: 'Rect_' does not name a type
 2023 | Rect_<_Tp> operator & (const Rect_<_Tp>& a, const Rect_<_Tp>& b)
      | ^~~~~
/home/genci21/Desktop/RemoteCamera/esp_stuff/main/opencv/opencv2/core/types.hpp:2030:1: error: 'Rect_' does not name a type
 2030 | Rect_<_Tp> operator | (const Rect_<_Tp>& a, const Rect_<_Tp>& b)
      | ^~~~~
/home/genci21/Desktop/RemoteCamera/esp_stuff/main/opencv/opencv2/core/types.hpp:2043:30: error: 'Rect_' does not name a type
 2043 | double jaccardDistance(const Rect_<_Tp>& a, const Rect_<_Tp>& b) {
      |                              ^~~~~
/home/genci21/Desktop/RemoteCamera/esp_stuff/main/opencv/opencv2/core/types.hpp:2043:35: error: expected ',' or '...' before '<' token
 2043 | double jaccardDistance(const Rect_<_Tp>& a, const Rect_<_Tp>& b) {
      |                                   ^
/home/genci21/Desktop/RemoteCamera/esp_stuff/main/opencv/opencv2/core/types.hpp: In function 'double jaccardDistance(int)':
/home/genci21/Desktop/RemoteCamera/esp_stuff/main/opencv/opencv2/core/types.hpp:2044:14: error: 'a' was not declared in this scope; did you mean 'Aa'?
 2044 |     _Tp Aa = a.area();
      |              ^
      |              Aa
/home/genci21/Desktop/RemoteCamera/esp_stuff/main/opencv/opencv2/core/types.hpp:2045:14: error: 'b' was not declared in this scope; did you mean 'Ab'?
 2045 |     _Tp Ab = b.area();
      |              ^
      |              Ab
/home/genci21/Desktop/RemoteCamera/esp_stuff/main/opencv/opencv2/core/types.hpp: At global scope:
/home/genci21/Desktop/RemoteCamera/esp_stuff/main/opencv/opencv2/core/types.hpp:2060:1: error: 'RotatedRect' does not name a type
 2060 | RotatedRect::RotatedRect()
      | ^~~~~~~~~~~
/home/genci21/Desktop/RemoteCamera/esp_stuff/main/opencv/opencv2/core/types.hpp:2064:1: error: 'RotatedRect' does not name a type
 2064 | RotatedRect::RotatedRect(const Point2f& _center, const Size2f& _size, float _angle)
      | ^~~~~~~~~~~
/home/genci21/Desktop/RemoteCamera/esp_stuff/main/opencv/opencv2/core/types.hpp:2070:1: error: 'Range' does not name a type
 2070 | Range::Range()
      | ^~~~~
/home/genci21/Desktop/RemoteCamera/esp_stuff/main/opencv/opencv2/core/types.hpp:2074:1: error: 'Range' does not name a type
 2074 | Range::Range(int _start, int _end)
      | ^~~~~
/home/genci21/Desktop/RemoteCamera/esp_stuff/main/opencv/opencv2/core/types.hpp:2078:5: error: 'Range' has not been declared
 2078 | int Range::size() const
      |     ^~~~~
/home/genci21/Desktop/RemoteCamera/esp_stuff/main/opencv/opencv2/core/types.hpp:2078:19: error: non-member function 'int size()' cannot have cv-qualifier
 2078 | int Range::size() const
      |                   ^~~~~
/home/genci21/Desktop/RemoteCamera/esp_stuff/main/opencv/opencv2/core/types.hpp: In function 'int size()':
/home/genci21/Desktop/RemoteCamera/esp_stuff/main/opencv/opencv2/core/types.hpp:2080:12: error: 'end' was not declared in this scope
 2080 |     return end - start;
      |            ^~~
/home/genci21/Desktop/RemoteCamera/esp_stuff/main/opencv/opencv2/core/types.hpp:2080:12: note: suggested alternatives:
In file included from /home/genci21/.espressif/tools/xtensa-esp-elf/esp-13.2.0_20240530/xtensa-esp-elf/xtensa-esp-elf/include/c++/13.2.0/array:44:
/home/genci21/.espressif/tools/xtensa-esp-elf/esp-13.2.0_20240530/xtensa-esp-elf/xtensa-esp-elf/include/c++/13.2.0/bits/range_access.h:116:37: note:   'std::end'
  116 |   template<typename _Tp> const _Tp* end(const valarray<_Tp>&) noexcept;
      |                                     ^~~
In file included from /home/genci21/.espressif/tools/xtensa-esp-elf/esp-13.2.0_20240530/xtensa-esp-elf/xtensa-esp-elf/include/c++/13.2.0/bits/ranges_algobase.h:38,
                 from /home/genci21/.espressif/tools/xtensa-esp-elf/esp-13.2.0_20240530/xtensa-esp-elf/xtensa-esp-elf/include/c++/13.2.0/bits/ranges_algo.h:38,
                 from /home/genci21/.espressif/tools/xtensa-esp-elf/esp-13.2.0_20240530/xtensa-esp-elf/xtensa-esp-elf/include/c++/13.2.0/algorithm:63,
                 from /home/genci21/Desktop/RemoteCamera/esp_stuff/main/opencv/opencv2/core/base.hpp:55,
                 from /home/genci21/Desktop/RemoteCamera/esp_stuff/main/opencv/opencv2/core.hpp:54:
/home/genci21/.espressif/tools/xtensa-esp-elf/esp-13.2.0_20240530/xtensa-esp-elf/xtensa-esp-elf/include/c++/13.2.0/bits/ranges_base.h:490:42: note:   'std::ranges::__cust::end'
  490 |     inline constexpr __cust_access::_End end{};
      |                                          ^~~
/home/genci21/.espressif/tools/xtensa-esp-elf/esp-13.2.0_20240530/xtensa-esp-elf/xtensa-esp-elf/include/c++/13.2.0/bits/ranges_base.h:137:10: note:   'std::ranges::__cust_access::end'
  137 |     void end(const auto&) = delete;
      |          ^~~
/home/genci21/Desktop/RemoteCamera/esp_stuff/main/opencv/opencv2/core/types.hpp:2080:18: error: 'start' was not declared in this scope; did you mean 'stat'?
 2080 |     return end - start;
      |                  ^~~~~
      |                  stat
/home/genci21/Desktop/RemoteCamera/esp_stuff/main/opencv/opencv2/core/types.hpp: At global scope:
/home/genci21/Desktop/RemoteCamera/esp_stuff/main/opencv/opencv2/core/types.hpp:2084:6: error: 'Range' has not been declared
 2084 | bool Range::empty() const
      |      ^~~~~
/home/genci21/Desktop/RemoteCamera/esp_stuff/main/opencv/opencv2/core/types.hpp:2084:21: error: non-member function 'bool empty()' cannot have cv-qualifier
 2084 | bool Range::empty() const
      |                     ^~~~~
/home/genci21/Desktop/RemoteCamera/esp_stuff/main/opencv/opencv2/core/types.hpp: In function 'bool empty()':
/home/genci21/Desktop/RemoteCamera/esp_stuff/main/opencv/opencv2/core/types.hpp:2086:12: error: 'start' was not declared in this scope; did you mean 'stat'?
 2086 |     return start == end;
      |            ^~~~~
      |            stat
/home/genci21/Desktop/RemoteCamera/esp_stuff/main/opencv/opencv2/core/types.hpp:2086:21: error: 'end' was not declared in this scope
 2086 |     return start == end;
      |                     ^~~
/home/genci21/Desktop/RemoteCamera/esp_stuff/main/opencv/opencv2/core/types.hpp:2086:21: note: suggested alternatives:
/home/genci21/.espressif/tools/xtensa-esp-elf/esp-13.2.0_20240530/xtensa-esp-elf/xtensa-esp-elf/include/c++/13.2.0/bits/range_access.h:116:37: note:   'std::end'
  116 |   template<typename _Tp> const _Tp* end(const valarray<_Tp>&) noexcept;
      |                                     ^~~
/home/genci21/.espressif/tools/xtensa-esp-elf/esp-13.2.0_20240530/xtensa-esp-elf/xtensa-esp-elf/include/c++/13.2.0/bits/ranges_base.h:490:42: note:   'std::ranges::__cust::end'
  490 |     inline constexpr __cust_access::_End end{};
      |                                          ^~~
/home/genci21/.espressif/tools/xtensa-esp-elf/esp-13.2.0_20240530/xtensa-esp-elf/xtensa-esp-elf/include/c++/13.2.0/bits/ranges_base.h:137:10: note:   'std::ranges::__cust_access::end'
  137 |     void end(const auto&) = delete;
      |          ^~~
/home/genci21/Desktop/RemoteCamera/esp_stuff/main/opencv/opencv2/core/types.hpp: At global scope:
/home/genci21/Desktop/RemoteCamera/esp_stuff/main/opencv/opencv2/core/types.hpp:2090:1: error: 'Range' does not name a type
 2090 | Range Range::all()
      | ^~~~~
/home/genci21/Desktop/RemoteCamera/esp_stuff/main/opencv/opencv2/core/types.hpp:2097:25: error: 'Range' does not name a type
 2097 | bool operator == (const Range& r1, const Range& r2)
      |                         ^~~~~
/home/genci21/Desktop/RemoteCamera/esp_stuff/main/opencv/opencv2/core/types.hpp:2097:42: error: 'Range' does not name a type
 2097 | bool operator == (const Range& r1, const Range& r2)
      |                                          ^~~~~
/home/genci21/Desktop/RemoteCamera/esp_stuff/main/opencv/opencv2/core/types.hpp:2097:6: error: 'bool operator==(const int&, const int&)' must have an argument of class or enumerated type
 2097 | bool operator == (const Range& r1, const Range& r2)
      |      ^~~~~~~~
/home/genci21/Desktop/RemoteCamera/esp_stuff/main/opencv/opencv2/core/types.hpp:2103:25: error: 'Range' does not name a type
 2103 | bool operator != (const Range& r1, const Range& r2)
      |                         ^~~~~
/home/genci21/Desktop/RemoteCamera/esp_stuff/main/opencv/opencv2/core/types.hpp:2103:42: error: 'Range' does not name a type
 2103 | bool operator != (const Range& r1, const Range& r2)
      |                                          ^~~~~
/home/genci21/Desktop/RemoteCamera/esp_stuff/main/opencv/opencv2/core/types.hpp:2103:6: error: 'bool operator!=(const int&, const int&)' must have an argument of class or enumerated type
 2103 | bool operator != (const Range& r1, const Range& r2)
      |      ^~~~~~~~
/home/genci21/Desktop/RemoteCamera/esp_stuff/main/opencv/opencv2/core/types.hpp:2109:23: error: 'Range' does not name a type
 2109 | bool operator !(const Range& r)
      |                       ^~~~~
/home/genci21/Desktop/RemoteCamera/esp_stuff/main/opencv/opencv2/core/types.hpp:2109:6: error: 'bool operator!(const int&)' must have an argument of class or enumerated type
 2109 | bool operator !(const Range& r)
      |      ^~~~~~~~
/home/genci21/Desktop/RemoteCamera/esp_stuff/main/opencv/opencv2/core/types.hpp:2115:1: error: 'Range' does not name a type
 2115 | Range operator & (const Range& r1, const Range& r2)
      | ^~~~~
/home/genci21/Desktop/RemoteCamera/esp_stuff/main/opencv/opencv2/core/types.hpp:2123:1: error: 'Range' does not name a type
 2123 | Range& operator &= (Range& r1, const Range& r2)
      | ^~~~~
/home/genci21/Desktop/RemoteCamera/esp_stuff/main/opencv/opencv2/core/types.hpp:2130:1: error: 'Range' does not name a type
 2130 | Range operator + (const Range& r1, int delta)
      | ^~~~~
/home/genci21/Desktop/RemoteCamera/esp_stuff/main/opencv/opencv2/core/types.hpp:2136:1: error: 'Range' does not name a type
 2136 | Range operator + (int delta, const Range& r1)
      | ^~~~~
/home/genci21/Desktop/RemoteCamera/esp_stuff/main/opencv/opencv2/core/types.hpp:2142:1: error: 'Range' does not name a type
 2142 | Range operator - (const Range& r1, int delta)
      | ^~~~~
/home/genci21/Desktop/RemoteCamera/esp_stuff/main/opencv/opencv2/core/types.hpp:2152:1: error: 'Scalar_' does not name a type
 2152 | Scalar_<_Tp>::Scalar_()
      | ^~~~~~~
/home/genci21/Desktop/RemoteCamera/esp_stuff/main/opencv/opencv2/core/types.hpp:2158:1: error: 'Scalar_' does not name a type
 2158 | Scalar_<_Tp>::Scalar_(_Tp v0, _Tp v1, _Tp v2, _Tp v3)
      | ^~~~~~~
/home/genci21/Desktop/RemoteCamera/esp_stuff/main/opencv/opencv2/core/types.hpp:2167:1: error: 'Scalar_' does not name a type
 2167 | Scalar_<_Tp>::Scalar_(const Scalar_<_Tp>& s) : Vec<_Tp, 4>(s) {
      | ^~~~~~~
/home/genci21/Desktop/RemoteCamera/esp_stuff/main/opencv/opencv2/core/types.hpp:2171:1: error: 'Scalar_' does not name a type
 2171 | Scalar_<_Tp>::Scalar_(Scalar_<_Tp>&& s) CV_NOEXCEPT {
      | ^~~~~~~
/home/genci21/Desktop/RemoteCamera/esp_stuff/main/opencv/opencv2/core/types.hpp:2179:1: error: 'Scalar_' does not name a type
 2179 | Scalar_<_Tp>& Scalar_<_Tp>::operator=(const Scalar_<_Tp>& s) {
      | ^~~~~~~
/home/genci21/Desktop/RemoteCamera/esp_stuff/main/opencv/opencv2/core/types.hpp:2188:1: error: 'Scalar_' does not name a type
 2188 | Scalar_<_Tp>& Scalar_<_Tp>::operator=(Scalar_<_Tp>&& s) CV_NOEXCEPT {
      | ^~~~~~~
/home/genci21/Desktop/RemoteCamera/esp_stuff/main/opencv/opencv2/core/types.hpp:2197:1: error: 'Scalar_' does not name a type
 2197 | Scalar_<_Tp>::Scalar_(const Vec<_Tp2, cn>& v)
      | ^~~~~~~
/home/genci21/Desktop/RemoteCamera/esp_stuff/main/opencv/opencv2/core/types.hpp:2207:1: error: 'Scalar_' does not name a type
 2207 | Scalar_<_Tp>::Scalar_(_Tp v0)
      | ^~~~~~~
/home/genci21/Desktop/RemoteCamera/esp_stuff/main/opencv/opencv2/core/types.hpp:2214:1: error: 'Scalar_' does not name a type
 2214 | Scalar_<_Tp> Scalar_<_Tp>::all(_Tp v0)
      | ^~~~~~~
/home/genci21/Desktop/RemoteCamera/esp_stuff/main/opencv/opencv2/core/types.hpp:2221:1: error: 'Scalar_' does not name a type
 2221 | Scalar_<_Tp> Scalar_<_Tp>::mul(const Scalar_<_Tp>& a, double scale ) const
      | ^~~~~~~
/home/genci21/Desktop/RemoteCamera/esp_stuff/main/opencv/opencv2/core/types.hpp:2230:1: error: 'Scalar_' does not name a type
 2230 | Scalar_<_Tp> Scalar_<_Tp>::conj() const
      | ^~~~~~~
/home/genci21/Desktop/RemoteCamera/esp_stuff/main/opencv/opencv2/core/types.hpp:2239:13: error: expected initializer before '<' token
 2239 | bool Scalar_<_Tp>::isReal() const
      |             ^
/home/genci21/Desktop/RemoteCamera/esp_stuff/main/opencv/opencv2/core/types.hpp:2246:1: error: 'Scalar_' does not name a type
 2246 | Scalar_<_Tp>::operator Scalar_<T2>() const
      | ^~~~~~~
/home/genci21/Desktop/RemoteCamera/esp_stuff/main/opencv/opencv2/core/types.hpp:2256:1: error: 'Scalar_' does not name a type
 2256 | Scalar_<_Tp>& operator += (Scalar_<_Tp>& a, const Scalar_<_Tp>& b)
      | ^~~~~~~
/home/genci21/Desktop/RemoteCamera/esp_stuff/main/opencv/opencv2/core/types.hpp:2266:1: error: 'Scalar_' does not name a type
 2266 | Scalar_<_Tp>& operator -= (Scalar_<_Tp>& a, const Scalar_<_Tp>& b)
      | ^~~~~~~
/home/genci21/Desktop/RemoteCamera/esp_stuff/main/opencv/opencv2/core/types.hpp:2276:1: error: 'Scalar_' does not name a type
 2276 | Scalar_<_Tp>& operator *= ( Scalar_<_Tp>& a, _Tp v )
      | ^~~~~~~
/home/genci21/Desktop/RemoteCamera/esp_stuff/main/opencv/opencv2/core/types.hpp:2286:26: error: 'Scalar_' does not name a type
 2286 | bool operator == ( const Scalar_<_Tp>& a, const Scalar_<_Tp>& b )
      |                          ^~~~~~~
/home/genci21/Desktop/RemoteCamera/esp_stuff/main/opencv/opencv2/core/types.hpp:2286:33: error: expected ',' or '...' before '<' token
 2286 | bool operator == ( const Scalar_<_Tp>& a, const Scalar_<_Tp>& b )
      |                                 ^
/home/genci21/Desktop/RemoteCamera/esp_stuff/main/opencv/opencv2/core/types.hpp:2286:6: error: 'bool operator==(int)' must have an argument of class or enumerated type
 2286 | bool operator == ( const Scalar_<_Tp>& a, const Scalar_<_Tp>& b )
      |      ^~~~~~~~
/home/genci21/Desktop/RemoteCamera/esp_stuff/main/opencv/opencv2/core/types.hpp:2293:26: error: 'Scalar_' does not name a type
 2293 | bool operator != ( const Scalar_<_Tp>& a, const Scalar_<_Tp>& b )
      |                          ^~~~~~~
/home/genci21/Desktop/RemoteCamera/esp_stuff/main/opencv/opencv2/core/types.hpp:2293:33: error: expected ',' or '...' before '<' token
 2293 | bool operator != ( const Scalar_<_Tp>& a, const Scalar_<_Tp>& b )
      |                                 ^
/home/genci21/Desktop/RemoteCamera/esp_stuff/main/opencv/opencv2/core/types.hpp:2293:6: error: 'bool operator!=(int)' must have an argument of class or enumerated type
 2293 | bool operator != ( const Scalar_<_Tp>& a, const Scalar_<_Tp>& b )
      |      ^~~~~~~~
/home/genci21/Desktop/RemoteCamera/esp_stuff/main/opencv/opencv2/core/types.hpp:2300:1: error: 'Scalar_' does not name a type
 2300 | Scalar_<_Tp> operator + (const Scalar_<_Tp>& a, const Scalar_<_Tp>& b)
      | ^~~~~~~
/home/genci21/Desktop/RemoteCamera/esp_stuff/main/opencv/opencv2/core/types.hpp:2309:1: error: 'Scalar_' does not name a type
 2309 | Scalar_<_Tp> operator - (const Scalar_<_Tp>& a, const Scalar_<_Tp>& b)
      | ^~~~~~~
/home/genci21/Desktop/RemoteCamera/esp_stuff/main/opencv/opencv2/core/types.hpp:2318:1: error: 'Scalar_' does not name a type
 2318 | Scalar_<_Tp> operator * (const Scalar_<_Tp>& a, _Tp alpha)
      | ^~~~~~~
/home/genci21/Desktop/RemoteCamera/esp_stuff/main/opencv/opencv2/core/types.hpp:2327:1: error: 'Scalar_' does not name a type
 2327 | Scalar_<_Tp> operator * (_Tp alpha, const Scalar_<_Tp>& a)
      | ^~~~~~~
/home/genci21/Desktop/RemoteCamera/esp_stuff/main/opencv/opencv2/core/types.hpp:2333:1: error: 'Scalar_' does not name a type
 2333 | Scalar_<_Tp> operator - (const Scalar_<_Tp>& a)
      | ^~~~~~~
/home/genci21/Desktop/RemoteCamera/esp_stuff/main/opencv/opencv2/core/types.hpp:2343:1: error: 'Scalar_' does not name a type
 2343 | Scalar_<_Tp> operator * (const Scalar_<_Tp>& a, const Scalar_<_Tp>& b)
      | ^~~~~~~
/home/genci21/Desktop/RemoteCamera/esp_stuff/main/opencv/opencv2/core/types.hpp:2352:1: error: 'Scalar_' does not name a type
 2352 | Scalar_<_Tp>& operator *= (Scalar_<_Tp>& a, const Scalar_<_Tp>& b)
      | ^~~~~~~
/home/genci21/Desktop/RemoteCamera/esp_stuff/main/opencv/opencv2/core/types.hpp:2359:1: error: 'Scalar_' does not name a type
 2359 | Scalar_<_Tp> operator / (const Scalar_<_Tp>& a, _Tp alpha)
      | ^~~~~~~
/home/genci21/Desktop/RemoteCamera/esp_stuff/main/opencv/opencv2/core/types.hpp:2368:1: error: 'Scalar_' does not name a type
 2368 | Scalar_<float> operator / (const Scalar_<float>& a, float alpha)
      | ^~~~~~~
/home/genci21/Desktop/RemoteCamera/esp_stuff/main/opencv/opencv2/core/types.hpp:2375:1: error: 'Scalar_' does not name a type
 2375 | Scalar_<double> operator / (const Scalar_<double>& a, double alpha)
      | ^~~~~~~
/home/genci21/Desktop/RemoteCamera/esp_stuff/main/opencv/opencv2/core/types.hpp:2382:1: error: 'Scalar_' does not name a type
 2382 | Scalar_<_Tp>& operator /= (Scalar_<_Tp>& a, _Tp alpha)
      | ^~~~~~~
/home/genci21/Desktop/RemoteCamera/esp_stuff/main/opencv/opencv2/core/types.hpp:2389:1: error: 'Scalar_' does not name a type
 2389 | Scalar_<_Tp> operator / (_Tp a, const Scalar_<_Tp>& b)
      | ^~~~~~~
/home/genci21/Desktop/RemoteCamera/esp_stuff/main/opencv/opencv2/core/types.hpp:2396:1: error: 'Scalar_' does not name a type
 2396 | Scalar_<_Tp> operator / (const Scalar_<_Tp>& a, const Scalar_<_Tp>& b)
      | ^~~~~~~
/home/genci21/Desktop/RemoteCamera/esp_stuff/main/opencv/opencv2/core/types.hpp:2402:1: error: 'Scalar_' does not name a type
 2402 | Scalar_<_Tp>& operator /= (Scalar_<_Tp>& a, const Scalar_<_Tp>& b)
      | ^~~~~~~
/home/genci21/Desktop/RemoteCamera/esp_stuff/main/opencv/opencv2/core/types.hpp:2409:1: error: 'Scalar' does not name a type
 2409 | Scalar operator * (const Matx<_Tp, 4, 4>& a, const Scalar& b)
      | ^~~~~~
/home/genci21/Desktop/RemoteCamera/esp_stuff/main/opencv/opencv2/core/types.hpp:2416:1: error: 'Scalar' does not name a type
 2416 | Scalar operator * (const Matx<double, 4, 4>& a, const Scalar& b)
      | ^~~~~~
/home/genci21/Desktop/RemoteCamera/esp_stuff/main/opencv/opencv2/core/types.hpp:2427:1: error: 'KeyPoint' does not name a type
 2427 | KeyPoint::KeyPoint()
      | ^~~~~~~~
/home/genci21/Desktop/RemoteCamera/esp_stuff/main/opencv/opencv2/core/types.hpp:2431:1: error: 'KeyPoint' does not name a type
 2431 | KeyPoint::KeyPoint(Point2f _pt, float _size, float _angle, float _response, int _octave, int _class_id)
      | ^~~~~~~~
/home/genci21/Desktop/RemoteCamera/esp_stuff/main/opencv/opencv2/core/types.hpp:2435:1: error: 'KeyPoint' does not name a type
 2435 | KeyPoint::KeyPoint(float x, float y, float _size, float _angle, float _response, int _octave, int _class_id)
      | ^~~~~~~~
/home/genci21/Desktop/RemoteCamera/esp_stuff/main/opencv/opencv2/core/types.hpp:2443:1: error: 'DMatch' does not name a type
 2443 | DMatch::DMatch()
      | ^~~~~~
/home/genci21/Desktop/RemoteCamera/esp_stuff/main/opencv/opencv2/core/types.hpp:2447:1: error: 'DMatch' does not name a type
 2447 | DMatch::DMatch(int _queryIdx, int _trainIdx, float _distance)
      | ^~~~~~
/home/genci21/Desktop/RemoteCamera/esp_stuff/main/opencv/opencv2/core/types.hpp:2451:1: error: 'DMatch' does not name a type
 2451 | DMatch::DMatch(int _queryIdx, int _trainIdx, int _imgIdx, float _distance)
      | ^~~~~~
/home/genci21/Desktop/RemoteCamera/esp_stuff/main/opencv/opencv2/core/types.hpp:2455:6: error: 'DMatch' has not been declared
 2455 | bool DMatch::operator < (const DMatch &m) const
      |      ^~~~~~
/home/genci21/Desktop/RemoteCamera/esp_stuff/main/opencv/opencv2/core/types.hpp:2455:32: error: 'DMatch' does not name a type
 2455 | bool DMatch::operator < (const DMatch &m) const
      |                                ^~~~~~
/home/genci21/Desktop/RemoteCamera/esp_stuff/main/opencv/opencv2/core/types.hpp:2455:43: error: non-member function 'bool operator<(const int&)' cannot have cv-qualifier
 2455 | bool DMatch::operator < (const DMatch &m) const
      |                                           ^~~~~
/home/genci21/Desktop/RemoteCamera/esp_stuff/main/opencv/opencv2/core/types.hpp:2455:6: error: 'bool operator<(const int&)' must have an argument of class or enumerated type
 2455 | bool DMatch::operator < (const DMatch &m) const
      |      ^~~~~~
/home/genci21/Desktop/RemoteCamera/esp_stuff/main/opencv/opencv2/core/types.hpp:2465:1: error: 'TermCriteria' does not name a type
 2465 | TermCriteria::TermCriteria()
      | ^~~~~~~~~~~~
/home/genci21/Desktop/RemoteCamera/esp_stuff/main/opencv/opencv2/core/types.hpp:2469:1: error: 'TermCriteria' does not name a type
 2469 | TermCriteria::TermCriteria(int _type, int _maxCount, double _epsilon)
      | ^~~~~~~~~~~~
/home/genci21/Desktop/RemoteCamera/esp_stuff/main/opencv/opencv2/core/types.hpp:2474:1: error: expected declaration before '}' token
 2474 | } // cv
      | ^
In file included from /home/genci21/Desktop/RemoteCamera/esp_stuff/main/opencv/opencv2/core/mat.hpp:3724,
                 from /home/genci21/Desktop/RemoteCamera/esp_stuff/main/opencv/opencv2/core.hpp:59:
/home/genci21/Desktop/RemoteCamera/esp_stuff/main/opencv/opencv2/core/mat.inl.hpp: In constructor 'cv::_InputArray::_InputArray(const cv::Mat&)':
/home/genci21/Desktop/RemoteCamera/esp_stuff/main/opencv/opencv2/core/mat.inl.hpp:103:57: warning: arithmetic between different enumeration types 'cv::_InputArray::KindFlag' and 'cv::AccessFlag' is deprecated [-Wdeprecated-enum-enum-conversion]
  103 | inline _InputArray::_InputArray(const Mat& m) { init(MAT+ACCESS_READ, &m); }
      |                                                      ~~~^~~~~~~~~~~~
/home/genci21/Desktop/RemoteCamera/esp_stuff/main/opencv/opencv2/core/mat.inl.hpp: In constructor 'cv::_InputArray::_InputArray(const std::vector<cv::Mat>&)':
/home/genci21/Desktop/RemoteCamera/esp_stuff/main/opencv/opencv2/core/mat.inl.hpp:104:83: warning: arithmetic between different enumeration types 'cv::_InputArray::KindFlag' and 'cv::AccessFlag' is deprecated [-Wdeprecated-enum-enum-conversion]
  104 | inline _InputArray::_InputArray(const std::vector<Mat>& vec) { init(STD_VECTOR_MAT+ACCESS_READ, &vec); }
      |                                                                     ~~~~~~~~~~~~~~^~~~~~~~~~~~
/home/genci21/Desktop/RemoteCamera/esp_stuff/main/opencv/opencv2/core/mat.inl.hpp: In constructor 'cv::_InputArray::_InputArray(const cv::UMat&)':
/home/genci21/Desktop/RemoteCamera/esp_stuff/main/opencv/opencv2/core/mat.inl.hpp:105:59: warning: arithmetic between different enumeration types 'cv::_InputArray::KindFlag' and 'cv::AccessFlag' is deprecated [-Wdeprecated-enum-enum-conversion]
  105 | inline _InputArray::_InputArray(const UMat& m) { init(UMAT+ACCESS_READ, &m); }
      |                                                       ~~~~^~~~~~~~~~~~
/home/genci21/Desktop/RemoteCamera/esp_stuff/main/opencv/opencv2/core/mat.inl.hpp: In constructor 'cv::_InputArray::_InputArray(const std::vector<cv::UMat>&)':
/home/genci21/Desktop/RemoteCamera/esp_stuff/main/opencv/opencv2/core/mat.inl.hpp:106:85: warning: arithmetic between different enumeration types 'cv::_InputArray::KindFlag' and 'cv::AccessFlag' is deprecated [-Wdeprecated-enum-enum-conversion]
  106 | inline _InputArray::_InputArray(const std::vector<UMat>& vec) { init(STD_VECTOR_UMAT+ACCESS_READ, &vec); }
      |                                                                      ~~~~~~~~~~~~~~~^~~~~~~~~~~~
/home/genci21/Desktop/RemoteCamera/esp_stuff/main/opencv/opencv2/core/mat.inl.hpp: In constructor 'cv::_InputArray::_InputArray(const std::array<cv::Mat, _Nm>&)':
/home/genci21/Desktop/RemoteCamera/esp_stuff/main/opencv/opencv2/core/mat.inl.hpp:118:22: warning: arithmetic between different enumeration types 'cv::_InputArray::KindFlag' and 'cv::AccessFlag' is deprecated [-Wdeprecated-enum-enum-conversion]
  118 | { init(STD_ARRAY_MAT + ACCESS_READ, arr.data(), Size(1, _Nm)); }
      |        ~~~~~~~~~~~~~~^~~~~~~~~~~~~
/home/genci21/Desktop/RemoteCamera/esp_stuff/main/opencv/opencv2/core/mat.inl.hpp: In constructor 'cv::_InputArray::_InputArray(const cv::cuda::GpuMat&)':
/home/genci21/Desktop/RemoteCamera/esp_stuff/main/opencv/opencv2/core/mat.inl.hpp:151:21: warning: arithmetic between different enumeration types 'cv::_InputArray::KindFlag' and 'cv::AccessFlag' is deprecated [-Wdeprecated-enum-enum-conversion]
  151 | { init(CUDA_GPU_MAT + ACCESS_READ, &d_mat); }
      |        ~~~~~~~~~~~~~^~~~~~~~~~~~~
/home/genci21/Desktop/RemoteCamera/esp_stuff/main/opencv/opencv2/core/mat.inl.hpp: In constructor 'cv::_InputArray::_InputArray(const std::vector<cv::cuda::GpuMat>&)':
/home/genci21/Desktop/RemoteCamera/esp_stuff/main/opencv/opencv2/core/mat.inl.hpp:154:38: warning: arithmetic between different enumeration types 'cv::_InputArray::KindFlag' and 'cv::AccessFlag' is deprecated [-Wdeprecated-enum-enum-conversion]
  154 | {       init(STD_VECTOR_CUDA_GPU_MAT + ACCESS_READ, &d_mat);}
      |              ~~~~~~~~~~~~~~~~~~~~~~~~^~~~~~~~~~~~~
/home/genci21/Desktop/RemoteCamera/esp_stuff/main/opencv/opencv2/core/mat.inl.hpp: In constructor 'cv::_InputArray::_InputArray(const cv::ogl::Buffer&)':
/home/genci21/Desktop/RemoteCamera/esp_stuff/main/opencv/opencv2/core/mat.inl.hpp:157:22: warning: arithmetic between different enumeration types 'cv::_InputArray::KindFlag' and 'cv::AccessFlag' is deprecated [-Wdeprecated-enum-enum-conversion]
  157 | { init(OPENGL_BUFFER + ACCESS_READ, &buf); }
      |        ~~~~~~~~~~~~~~^~~~~~~~~~~~~
/home/genci21/Desktop/RemoteCamera/esp_stuff/main/opencv/opencv2/core/mat.inl.hpp: In constructor 'cv::_InputArray::_InputArray(const cv::cuda::HostMem&)':
/home/genci21/Desktop/RemoteCamera/esp_stuff/main/opencv/opencv2/core/mat.inl.hpp:160:22: warning: arithmetic between different enumeration types 'cv::_InputArray::KindFlag' and 'cv::AccessFlag' is deprecated [-Wdeprecated-enum-enum-conversion]
  160 | { init(CUDA_HOST_MEM + ACCESS_READ, &cuda_mem); }
      |        ~~~~~~~~~~~~~~^~~~~~~~~~~~~
/home/genci21/Desktop/RemoteCamera/esp_stuff/main/opencv/opencv2/core/mat.inl.hpp: In constructor 'cv::_OutputArray::_OutputArray()':
/home/genci21/Desktop/RemoteCamera/esp_stuff/main/opencv/opencv2/core/mat.inl.hpp:203:49: warning: arithmetic between different enumeration types 'cv::_InputArray::KindFlag' and 'cv::AccessFlag' is deprecated [-Wdeprecated-enum-enum-conversion]
  203 | inline _OutputArray::_OutputArray() { init(NONE + ACCESS_WRITE, 0); }
      |                                            ~~~~~^~~~~~~~~~~~~~
/home/genci21/Desktop/RemoteCamera/esp_stuff/main/opencv/opencv2/core/mat.inl.hpp: In constructor 'cv::_OutputArray::_OutputArray(cv::Mat&)':
/home/genci21/Desktop/RemoteCamera/esp_stuff/main/opencv/opencv2/core/mat.inl.hpp:205:53: warning: arithmetic between different enumeration types 'cv::_InputArray::KindFlag' and 'cv::AccessFlag' is deprecated [-Wdeprecated-enum-enum-conversion]
  205 | inline _OutputArray::_OutputArray(Mat& m) { init(MAT+ACCESS_WRITE, &m); }
      |                                                  ~~~^~~~~~~~~~~~~
/home/genci21/Desktop/RemoteCamera/esp_stuff/main/opencv/opencv2/core/mat.inl.hpp: In constructor 'cv::_OutputArray::_OutputArray(std::vector<cv::Mat>&)':
/home/genci21/Desktop/RemoteCamera/esp_stuff/main/opencv/opencv2/core/mat.inl.hpp:206:80: warning: arithmetic between different enumeration types 'cv::_InputArray::KindFlag' and 'cv::AccessFlag' is deprecated [-Wdeprecated-enum-enum-conversion]
  206 | inline _OutputArray::_OutputArray(std::vector<Mat>& vec) { init(STD_VECTOR_MAT + ACCESS_WRITE, &vec); }
      |                                                                 ~~~~~~~~~~~~~~~^~~~~~~~~~~~~~
/home/genci21/Desktop/RemoteCamera/esp_stuff/main/opencv/opencv2/core/mat.inl.hpp: In constructor 'cv::_OutputArray::_OutputArray(cv::UMat&)':
/home/genci21/Desktop/RemoteCamera/esp_stuff/main/opencv/opencv2/core/mat.inl.hpp:207:56: warning: arithmetic between different enumeration types 'cv::_InputArray::KindFlag' and 'cv::AccessFlag' is deprecated [-Wdeprecated-enum-enum-conversion]
  207 | inline _OutputArray::_OutputArray(UMat& m) { init(UMAT + ACCESS_WRITE, &m); }
      |                                                   ~~~~~^~~~~~~~~~~~~~
/home/genci21/Desktop/RemoteCamera/esp_stuff/main/opencv/opencv2/core/mat.inl.hpp: In constructor 'cv::_OutputArray::_OutputArray(std::vector<cv::UMat>&)':
/home/genci21/Desktop/RemoteCamera/esp_stuff/main/opencv/opencv2/core/mat.inl.hpp:208:82: warning: arithmetic between different enumeration types 'cv::_InputArray::KindFlag' and 'cv::AccessFlag' is deprecated [-Wdeprecated-enum-enum-conversion]
  208 | inline _OutputArray::_OutputArray(std::vector<UMat>& vec) { init(STD_VECTOR_UMAT + ACCESS_WRITE, &vec); }
      |                                                                  ~~~~~~~~~~~~~~~~^~~~~~~~~~~~~~
/home/genci21/Desktop/RemoteCamera/esp_stuff/main/opencv/opencv2/core/mat.inl.hpp: In constructor 'cv::_OutputArray::_OutputArray(std::array<cv::Mat, _Nm>&)':
/home/genci21/Desktop/RemoteCamera/esp_stuff/main/opencv/opencv2/core/mat.inl.hpp:220:22: warning: arithmetic between different enumeration types 'cv::_InputArray::KindFlag' and 'cv::AccessFlag' is deprecated [-Wdeprecated-enum-enum-conversion]
  220 | { init(STD_ARRAY_MAT + ACCESS_WRITE, arr.data(), Size(1, _Nm)); }
      |        ~~~~~~~~~~~~~~^~~~~~~~~~~~~~
/home/genci21/Desktop/RemoteCamera/esp_stuff/main/opencv/opencv2/core/mat.inl.hpp: In constructor 'cv::_OutputArray::_OutputArray(cv::cuda::GpuMat&)':
/home/genci21/Desktop/RemoteCamera/esp_stuff/main/opencv/opencv2/core/mat.inl.hpp:275:21: warning: arithmetic between different enumeration types 'cv::_InputArray::KindFlag' and 'cv::AccessFlag' is deprecated [-Wdeprecated-enum-enum-conversion]
  275 | { init(CUDA_GPU_MAT + ACCESS_WRITE, &d_mat); }
      |        ~~~~~~~~~~~~~^~~~~~~~~~~~~~
/home/genci21/Desktop/RemoteCamera/esp_stuff/main/opencv/opencv2/core/mat.inl.hpp: In constructor 'cv::_OutputArray::_OutputArray(std::vector<cv::cuda::GpuMat>&)':
/home/genci21/Desktop/RemoteCamera/esp_stuff/main/opencv/opencv2/core/mat.inl.hpp:278:38: warning: arithmetic between different enumeration types 'cv::_InputArray::KindFlag' and 'cv::AccessFlag' is deprecated [-Wdeprecated-enum-enum-conversion]
  278 | {       init(STD_VECTOR_CUDA_GPU_MAT + ACCESS_WRITE, &d_mat);}
      |              ~~~~~~~~~~~~~~~~~~~~~~~~^~~~~~~~~~~~~~
/home/genci21/Desktop/RemoteCamera/esp_stuff/main/opencv/opencv2/core/mat.inl.hpp: In constructor 'cv::_OutputArray::_OutputArray(cv::ogl::Buffer&)':
/home/genci21/Desktop/RemoteCamera/esp_stuff/main/opencv/opencv2/core/mat.inl.hpp:281:22: warning: arithmetic between different enumeration types 'cv::_InputArray::KindFlag' and 'cv::AccessFlag' is deprecated [-Wdeprecated-enum-enum-conversion]
  281 | { init(OPENGL_BUFFER + ACCESS_WRITE, &buf); }
      |        ~~~~~~~~~~~~~~^~~~~~~~~~~~~~
/home/genci21/Desktop/RemoteCamera/esp_stuff/main/opencv/opencv2/core/mat.inl.hpp: In constructor 'cv::_OutputArray::_OutputArray(cv::cuda::HostMem&)':
/home/genci21/Desktop/RemoteCamera/esp_stuff/main/opencv/opencv2/core/mat.inl.hpp:284:22: warning: arithmetic between different enumeration types 'cv::_InputArray::KindFlag' and 'cv::AccessFlag' is deprecated [-Wdeprecated-enum-enum-conversion]
  284 | { init(CUDA_HOST_MEM + ACCESS_WRITE, &cuda_mem); }
      |        ~~~~~~~~~~~~~~^~~~~~~~~~~~~~
/home/genci21/Desktop/RemoteCamera/esp_stuff/main/opencv/opencv2/core/mat.inl.hpp: In constructor 'cv::_InputOutputArray::_InputOutputArray(cv::Mat&)':
/home/genci21/Desktop/RemoteCamera/esp_stuff/main/opencv/opencv2/core/mat.inl.hpp:331:63: warning: arithmetic between different enumeration types 'cv::_InputArray::KindFlag' and 'cv::AccessFlag' is deprecated [-Wdeprecated-enum-enum-conversion]
  331 | inline _InputOutputArray::_InputOutputArray(Mat& m) { init(MAT+ACCESS_RW, &m); }
      |                                                            ~~~^~~~~~~~~~
/home/genci21/Desktop/RemoteCamera/esp_stuff/main/opencv/opencv2/core/mat.inl.hpp: In constructor 'cv::_InputOutputArray::_InputOutputArray(std::vector<cv::Mat>&)':
/home/genci21/Desktop/RemoteCamera/esp_stuff/main/opencv/opencv2/core/mat.inl.hpp:332:89: warning: arithmetic between different enumeration types 'cv::_InputArray::KindFlag' and 'cv::AccessFlag' is deprecated [-Wdeprecated-enum-enum-conversion]
  332 | inline _InputOutputArray::_InputOutputArray(std::vector<Mat>& vec) { init(STD_VECTOR_MAT+ACCESS_RW, &vec); }
      |                                                                           ~~~~~~~~~~~~~~^~~~~~~~~~
/home/genci21/Desktop/RemoteCamera/esp_stuff/main/opencv/opencv2/core/mat.inl.hpp: In constructor 'cv::_InputOutputArray::_InputOutputArray(cv::UMat&)':
/home/genci21/Desktop/RemoteCamera/esp_stuff/main/opencv/opencv2/core/mat.inl.hpp:333:65: warning: arithmetic between different enumeration types 'cv::_InputArray::KindFlag' and 'cv::AccessFlag' is deprecated [-Wdeprecated-enum-enum-conversion]
  333 | inline _InputOutputArray::_InputOutputArray(UMat& m) { init(UMAT+ACCESS_RW, &m); }
      |                                                             ~~~~^~~~~~~~~~
/home/genci21/Desktop/RemoteCamera/esp_stuff/main/opencv/opencv2/core/mat.inl.hpp: In constructor 'cv::_InputOutputArray::_InputOutputArray(std::vector<cv::UMat>&)':
/home/genci21/Desktop/RemoteCamera/esp_stuff/main/opencv/opencv2/core/mat.inl.hpp:334:91: warning: arithmetic between different enumeration types 'cv::_InputArray::KindFlag' and 'cv::AccessFlag' is deprecated [-Wdeprecated-enum-enum-conversion]
  334 | inline _InputOutputArray::_InputOutputArray(std::vector<UMat>& vec) { init(STD_VECTOR_UMAT+ACCESS_RW, &vec); }
      |                                                                            ~~~~~~~~~~~~~~~^~~~~~~~~~
/home/genci21/Desktop/RemoteCamera/esp_stuff/main/opencv/opencv2/core/mat.inl.hpp: In constructor 'cv::_InputOutputArray::_InputOutputArray(std::array<cv::Mat, _Nm>&)':
/home/genci21/Desktop/RemoteCamera/esp_stuff/main/opencv/opencv2/core/mat.inl.hpp:346:22: warning: arithmetic between different enumeration types 'cv::_InputArray::KindFlag' and 'cv::AccessFlag' is deprecated [-Wdeprecated-enum-enum-conversion]
  346 | { init(STD_ARRAY_MAT + ACCESS_RW, arr.data(), Size(1, _Nm)); }
      |        ~~~~~~~~~~~~~~^~~~~~~~~~~
/home/genci21/Desktop/RemoteCamera/esp_stuff/main/opencv/opencv2/core/mat.inl.hpp: In constructor 'cv::_InputOutputArray::_InputOutputArray(cv::cuda::GpuMat&)':
/home/genci21/Desktop/RemoteCamera/esp_stuff/main/opencv/opencv2/core/mat.inl.hpp:401:21: warning: arithmetic between different enumeration types 'cv::_InputArray::KindFlag' and 'cv::AccessFlag' is deprecated [-Wdeprecated-enum-enum-conversion]
  401 | { init(CUDA_GPU_MAT + ACCESS_RW, &d_mat); }
      |        ~~~~~~~~~~~~~^~~~~~~~~~~
/home/genci21/Desktop/RemoteCamera/esp_stuff/main/opencv/opencv2/core/mat.inl.hpp: In constructor 'cv::_InputOutputArray::_InputOutputArray(cv::ogl::Buffer&)':
/home/genci21/Desktop/RemoteCamera/esp_stuff/main/opencv/opencv2/core/mat.inl.hpp:404:22: warning: arithmetic between different enumeration types 'cv::_InputArray::KindFlag' and 'cv::AccessFlag' is deprecated [-Wdeprecated-enum-enum-conversion]
  404 | { init(OPENGL_BUFFER + ACCESS_RW, &buf); }
      |        ~~~~~~~~~~~~~~^~~~~~~~~~~
/home/genci21/Desktop/RemoteCamera/esp_stuff/main/opencv/opencv2/core/mat.inl.hpp: In constructor 'cv::_InputOutputArray::_InputOutputArray(cv::cuda::HostMem&)':
/home/genci21/Desktop/RemoteCamera/esp_stuff/main/opencv/opencv2/core/mat.inl.hpp:407:22: warning: arithmetic between different enumeration types 'cv::_InputArray::KindFlag' and 'cv::AccessFlag' is deprecated [-Wdeprecated-enum-enum-conversion]
  407 | { init(CUDA_HOST_MEM + ACCESS_RW, &cuda_mem); }
      |        ~~~~~~~~~~~~~~^~~~~~~~~~~
In file included from /home/genci21/Desktop/RemoteCamera/esp_stuff/main/opencv/opencv2/core.hpp:3294:
/home/genci21/Desktop/RemoteCamera/esp_stuff/main/opencv/opencv2/core/optim.hpp: At global scope:
/home/genci21/Desktop/RemoteCamera/esp_stuff/main/opencv/opencv2/core/optim.hpp:200:73: error: expected primary-expression before '(' token
  200 |                                       TermCriteria termcrit=TermCriteria(TermCriteria::MAX_ITER+TermCriteria::EPS,5000,0.000001));
      |                                                                         ^
/home/genci21/esp/esp-idf/components/xtensa/esp32s3/include/xtensa/config/specreg.h:109:25: error: expected unqualified-id before numeric constant
  109 | #define EPS             192
      |                         ^~~
/home/genci21/Desktop/RemoteCamera/esp_stuff/main/opencv/opencv2/core/optim.hpp:200:111: note: in expansion of macro 'EPS'
  200 |                                       TermCriteria termcrit=TermCriteria(TermCriteria::MAX_ITER+TermCriteria::EPS,5000,0.000001));
      |                                                                                                               ^~~
/home/genci21/Desktop/RemoteCamera/esp_stuff/main/opencv/opencv2/core/optim.hpp:253:73: error: expected primary-expression before '(' token
  253 |                                       TermCriteria termcrit=TermCriteria(TermCriteria::MAX_ITER+TermCriteria::EPS,5000,0.000001));
      |                                                                         ^
/home/genci21/esp/esp-idf/components/xtensa/esp32s3/include/xtensa/config/specreg.h:109:25: error: expected unqualified-id before numeric constant
  109 | #define EPS             192
      |                         ^~~
/home/genci21/Desktop/RemoteCamera/esp_stuff/main/opencv/opencv2/core/optim.hpp:253:111: note: in expansion of macro 'EPS'
  253 |                                       TermCriteria termcrit=TermCriteria(TermCriteria::MAX_ITER+TermCriteria::EPS,5000,0.000001));
      |                                                                                                               ^~~
In file included from /home/genci21/Desktop/RemoteCamera/esp_stuff/main/main.cpp:18:
/home/genci21/Desktop/RemoteCamera/esp_stuff/main/opencv/opencv2/imgproc.hpp:3300:76: error: expected primary-expression before '(' token
 3300 |                                          TermCriteria termcrit=TermCriteria(TermCriteria::MAX_ITER+TermCriteria::EPS,5,1) );
      |                                                                            ^
/home/genci21/esp/esp-idf/components/xtensa/esp32s3/include/xtensa/config/specreg.h:109:25: error: expected unqualified-id before numeric constant
  109 | #define EPS             192
      |                         ^~~
/home/genci21/Desktop/RemoteCamera/esp_stuff/main/opencv/opencv2/imgproc.hpp:3300:114: note: in expansion of macro 'EPS'
 3300 |                                          TermCriteria termcrit=TermCriteria(TermCriteria::MAX_ITER+TermCriteria::EPS,5,1) );
      |                                                                                                                  ^~~
/home/genci21/Desktop/RemoteCamera/esp_stuff/main/main.cpp: In function 'void wifi_init_sta()':
/home/genci21/Desktop/RemoteCamera/esp_stuff/main/main.cpp:99:13: error: either all initializer clauses should be designated or none of them should be
   99 |             .threshold.authmode = WIFI_AUTH_WPA2_ENTERPRISE
      |             ^
/home/genci21/Desktop/RemoteCamera/esp_stuff/main/main.cpp:99:13: error: expected primary-expression before '.' token
/home/genci21/Desktop/RemoteCamera/esp_stuff/main/opencv/opencv2/core/mat.inl.hpp: In instantiation of 'cv::Mat::Mat(const cv::Matx<_Tp, m, n>&, bool) [with _Tp = double; int m = 2; int n = 3]':
/home/genci21/Desktop/RemoteCamera/esp_stuff/main/opencv/opencv2/imgproc.hpp:2442:64:   required from here
/home/genci21/Desktop/RemoteCamera/esp_stuff/main/opencv/opencv2/core/mat.inl.hpp:688:23: warning: arithmetic between different enumeration types 'cv::Mat::<unnamed enum>' and 'cv::traits::Type<double>::<unnamed enum>' is deprecated [-Wdeprecated-enum-enum-conversion]
  688 |     : flags(MAGIC_VAL + traits::Type<_Tp>::value + CV_MAT_CONT_FLAG), dims(2), rows(m), cols(n), data(0),
      |             ~~~~~~~~~~^~~~~~~~~~~~~~~~~~~~~~~~~~
ninja: build stopped: subcommand failed.
